{
  "stats": {
    "suites": 1,
    "tests": 1,
    "passes": 1,
    "pending": 0,
    "failures": 0,
    "start": "2022-04-07T06:10:12.015Z",
    "end": "2022-04-07T06:14:08.820Z",
    "duration": 236805,
    "testsRegistered": 1,
    "passPercent": 100,
    "pendingPercent": 0,
    "other": 0,
    "hasOther": false,
    "skipped": 0,
    "hasSkipped": false
  },
  "results": [
    {
      "uuid": "717cb6c4-8931-4469-8a94-231a5db4d2a4",
      "title": "",
      "fullFile": "cypress/integration/twomarketsquoted.spec.js",
      "file": "cypress/integration/twomarketsquoted.spec.js",
      "beforeHooks": [],
      "afterHooks": [],
      "tests": [],
      "suites": [
        {
          "uuid": "bc3db15f-87f4-4e50-91b2-171127fe009f",
          "title": "regression trumarket",
          "fullFile": "",
          "file": "",
          "beforeHooks": [],
          "afterHooks": [],
          "tests": [
            {
              "title": "new request  ",
              "fullTitle": "regression trumarket new request  ",
              "timedOut": null,
              "duration": 226571,
              "state": "passed",
              "speed": "slow",
              "pass": true,
              "fail": false,
              "pending": false,
              "context": null,
              "code": "cy.log('creat a new request for old client ');\ncy.log('1-login 2-add a new reqeust 3- fill pop-over menu and click continue  4- fill cfc &coalaision application field 5- click get quote ');\ncy.log('see the steps executed below ');\ncy.wait(6000);\ncy.truflalogins();\ncy.wait(6000);\ncy.wait(8000);\ncy.wait(8000);\n/* ==== End Cypress Studio ==== */\n/* ==== Generated with Cypress Studio ==== */\ncy.get('.header-right > :nth-child(2) > .tru-button > :nth-child(1)').click();\ncy.wait(5000);\ncy.get('[href=\"/?new=request\"]').click();\ncy.wait(8000);\n/* ==== End Cypress Studio ==== */\n/* ==== Generated with Cypress Studio ==== */\n/* ==== End Cypress Studio ==== */\n/* ==== Generated with Cypress Studio ==== */\ncy.get('.tru-button > span > div').click({\n  force: true\n});\ncy.wait(4000);\ncy.get(':nth-child(1) > .ant-form-item-control > .ant-form-item-control-input > .ant-form-item-control-input-content > .tru-text-input').click({\n  force: true\n});\ncy.wait(4000);\ncy.get(':nth-child(1) > .ant-form-item-control > .ant-form-item-control-input > .ant-form-item-control-input-content > .tru-text-input').clear({\n  force: true\n});\ncy.wait(4000);\ncy.get(':nth-child(1) > .ant-form-item-control > .ant-form-item-control-input > .ant-form-item-control-input-content > .tru-text-input').type('111111111111', {\n  force: true\n});\ncy.wait(4000);\ncy.get(':nth-child(2) > .ant-form-item-control > .ant-form-item-control-input > .ant-form-item-control-input-content > .tru-text-input').click({\n  force: true\n});\ncy.wait(4000);\ncy.get(':nth-child(2) > .ant-form-item-control > .ant-form-item-control-input > .ant-form-item-control-input-content > .tru-text-input').clear({\n  force: true\n});\ncy.wait(4000);\ncy.get(':nth-child(2) > .ant-form-item-control > .ant-form-item-control-input > .ant-form-item-control-input-content > .tru-text-input').type('bnwqqzxwzxcertyurzxcvrecx@gmail.com', {\n  force: true\n});\ncy.wait(4000);\ncy.get(':nth-child(3) > .ant-form-item-control > .ant-form-item-control-input > .ant-form-item-control-input-content > .tru-text-input').click({\n  force: true\n});\ncy.wait(4000);\ncy.get(':nth-child(3) > .ant-form-item-control > .ant-form-item-control-input > .ant-form-item-control-input-content > .tru-text-input').clear({\n  force: true\n});\ncy.wait(4000);\ncy.get(':nth-child(3) > .ant-form-item-control > .ant-form-item-control-input > .ant-form-item-control-input-content > .tru-text-input').type('aassqwwsqazqwerwqqa', {\n  force: true\n});\ncy.wait(4000);\ncy.get(':nth-child(4) > .ant-form-item-control > .ant-form-item-control-input > .ant-form-item-control-input-content > .tru-text-input').clear({\n  force: true\n});\ncy.wait(4000);\ncy.get(':nth-child(4) > .ant-form-item-control > .ant-form-item-control-input > .ant-form-item-control-input-content > .tru-text-input').type('aaaaawaaaaer', {\n  force: true\n});\ncy.wait(4000);\ncy.get('.ant-form-item-control-input-content > .primary > span').click({\n  force: true\n});\ncy.wait(8000);\ncy.get('.outline-primary').click();\ncy.wait(8000);\n/* ==== End Cypress Studio ==== */\n/* ==== Generated with Cypress Studio ==== */\n/* ==== End Cypress Studio ==== */\n/* ==== Generated with Cypress Studio ==== */\n/* ==== Generated with Cypress Studio ==== */\ncy.get(':nth-child(1) > .tru-button > :nth-child(1) > span').click({\n  force: true\n});\ncy.get(':nth-child(1) > .tru-button > :nth-child(1) > span').click({\n  force: true\n});\ncy.get(':nth-child(3) > .tru-button > :nth-child(1) > span').click({\n  force: true\n});\ncy.wait(8000);\ncy.get(':nth-child(2) > :nth-child(2) > .tru-layout-vertical-sections > .content > :nth-child(1) > .tru-layout-Section > :nth-child(2) > :nth-child(1) > .tru-form-item').click({\n  force: true\n});\ncy.get('.location-search-input').clear({\n  force: true\n});\ncy.get('.location-search-input').type('1', {\n  force: true\n});\ncy.get('.location-search-input').clear({\n  force: true\n});\ncy.get('.location-search-input').type('123', {\n  force: true\n});\ncy.get('.autocomplete-dropdown-container > :nth-child(1) > span').click({\n  force: true\n});\ncy.get(':nth-child(2) > :nth-child(2) > .tru-layout-vertical-sections > .content > :nth-child(1) > .tru-layout-Section > :nth-child(2) > :nth-child(3) > .tru-form-item').click({\n  force: true\n});\ncy.get(':nth-child(10) > .tru-form-item > .tru-column > .tru-text-input').clear({\n  force: true\n});\ncy.get(':nth-child(10) > .tru-form-item > .tru-column > .tru-text-input').type('www.trufla.com', {\n  force: true\n});\ncy.get(':nth-child(11) > .tru-form-item > .tru-column > .tru-currency-input > .tru-text-input').clear({\n  force: true\n});\ncy.get(':nth-child(11) > .tru-form-item > .tru-column > .tru-currency-input > .tru-text-input').type('4,000,000', {\n  force: true\n});\ncy.get(':nth-child(10) > .tru-form-item').click({\n  force: true\n});\ncy.get(':nth-child(2) > :nth-child(2) > .tru-layout-vertical-sections > .content > :nth-child(4) > .tru-layout-Section > :nth-child(2) > :nth-child(1) > .tru-form-item > .tru-column > :nth-child(1) > .tru-single-select-arrow-wrapper > .tru-select').select('ADMITTED', {\n  force: true\n});\ncy.get(':nth-child(4) > .tru-layout-Section > :nth-child(2) > :nth-child(2) > .tru-form-item > .tru-column > .tru-text-input').clear({\n  force: true\n});\ncy.get(':nth-child(4) > .tru-layout-Section > :nth-child(2) > :nth-child(2) > .tru-form-item > .tru-column > .tru-text-input').type('2', {\n  force: true\n});\ncy.get(':nth-child(4) > .tru-layout-Section > :nth-child(2) > :nth-child(2) > .tru-form-item > .tru-column > .tru-text-input').clear({\n  force: true\n});\ncy.get(':nth-child(4) > .tru-layout-Section > :nth-child(2) > :nth-child(2) > .tru-form-item > .tru-column > .tru-text-input').type('23', {\n  force: true\n});\ncy.get(':nth-child(2) > :nth-child(2) > .tru-layout-vertical-sections > .content > :nth-child(4) > .tru-layout-Section > :nth-child(2) > :nth-child(2) > .tru-form-item').click({\n  force: true\n});\ncy.get(':nth-child(3) > .tru-form-item > .tru-column > .select-with-filter-container > .tooltip-container > .tru-single-select-arrow-wrapper > .ant-select > .ant-select-selector > .ant-select-selection-item').click({\n  force: true\n});\ncy.get('.ant-select-item-option-active > .ant-select-item-option-content > span').click();\ncy.get(':nth-child(4) > .tru-layout-Section > :nth-child(2) > :nth-child(4) > .tru-form-item > .tru-column > :nth-child(1) > .tru-single-select-arrow-wrapper > .tru-select').select('1-25', {\n  force: true\n});\ncy.get(':nth-child(2) > :nth-child(2) > .tru-layout-vertical-sections > .content > :nth-child(4) > .tru-layout-Section > :nth-child(2) > :nth-child(4) > .tru-form-item').click({\n  force: true\n});\ncy.get(':nth-child(4) > .tru-layout-Section > :nth-child(2) > :nth-child(5) > .tru-form-item > .tru-column > .tru-currency-input > .tru-text-input').clear({\n  force: true\n});\ncy.get(':nth-child(4) > .tru-layout-Section > :nth-child(2) > :nth-child(5) > .tru-form-item > .tru-column > .tru-currency-input > .tru-text-input').type('400,000', {\n  force: true\n});\ncy.get(':nth-child(2) > :nth-child(2) > .tru-layout-vertical-sections > .content > :nth-child(4) > .tru-layout-Section > :nth-child(2) > :nth-child(5) > .tru-form-item').click({\n  force: true\n});\ncy.get(':nth-child(5) > .tru-layout-Section > :nth-child(2) > .control-wrapper > .tru-form-item > .tru-column > .select-with-filter-container > .tooltip-container > .tru-single-select-arrow-wrapper > .ant-select > .ant-select-selector > .ant-select-selection-item').click({\n  force: true\n});\ncy.get(':nth-child(5) > .tru-layout-Section > :nth-child(2) > .control-wrapper > .tru-form-item > .tru-column > .select-with-filter-container > .tooltip-container > .tru-single-select-arrow-wrapper > .ant-select > [style=\"position: absolute; top: 0px; left: 0px; width: 100%;\"] > :nth-child(1) > .ant-select-dropdown > :nth-child(1) > .rc-virtual-list > .rc-virtual-list-holder > :nth-child(1) > .rc-virtual-list-holder-inner > .ant-select-item-option-active > .ant-select-item-option-content > span').click({\n  force: true\n});\ncy.get(':nth-child(2) > :nth-child(2) > .tru-layout-vertical-sections > .content > :nth-child(5) > .tru-layout-Section > :nth-child(2) > .control-wrapper > .tru-form-item').click({\n  force: true\n});\ncy.get(':nth-child(4) > :nth-child(2) > .tru-layout-vertical-sections > .content > :nth-child(1) > .tru-layout-Section > :nth-child(2) > :nth-child(2) > .tru-form-item > .tru-column > .tru-radio-select > :nth-child(1) > input').check({\n  force: true\n});\ncy.get(':nth-child(4) > :nth-child(2) > .tru-layout-vertical-sections > .content > :nth-child(1) > .tru-layout-Section > :nth-child(2) > :nth-child(3) > .tru-form-item > .tru-column > :nth-child(1) > .tru-single-select-arrow-wrapper > .tru-select').select('Less than $10,000', {\n  force: true\n});\ncy.get(':nth-child(4) > .tru-form-item > .tru-column > .tru-radio-select > :nth-child(1) > input').check({\n  force: true\n});\ncy.get(':nth-child(4) > :nth-child(2) > .tru-layout-vertical-sections > .content > :nth-child(1) > .tru-layout-Section > :nth-child(2) > :nth-child(3)').click({\n  force: true\n});\ncy.get('.tru-textarea').click({\n  force: true\n}).type('ee', {\n  force: true\n});\ncy.get(':nth-child(2) > .tru-layout-Section > :nth-child(2) > .control-wrapper > .tru-form-item').click({\n  force: true\n});\ncy.get(':nth-child(5) > :nth-child(2) > .tru-layout-vertical-sections > .content > :nth-child(4) > .tru-layout-Section > :nth-child(2) > :nth-child(1) > .tru-form-item > .tru-column > :nth-child(1) > .tru-single-select-arrow-wrapper > .tru-select').select('25000', {\n  force: true\n});\ncy.get(':nth-child(2) > .tru-form-item > .tru-column > :nth-child(1) > .tru-single-select-arrow-wrapper > .tru-select').select('500', {\n  force: true\n});\ncy.get('.tru-column > .tru-single-select-arrow-wrapper > .tru-select').select('essential', {\n  force: true\n});\ncy.get(':nth-child(5) > :nth-child(2) > .tru-layout-vertical-sections > .content > :nth-child(4) > .tru-layout-Section > :nth-child(2) > :nth-child(3) > .tru-form-item').click({\n  force: true\n});\ncy.get(':nth-child(5) > .tru-layout-Section > :nth-child(2) > :nth-child(1) > .tru-form-item > .tru-column > .tru-radio-select > :nth-child(1) > input').check({\n  force: true\n});\ncy.get(':nth-child(2) > .tru-form-item > .tru-column > .tru-number-input').clear({\n  force: true\n});\ncy.get(':nth-child(2) > .tru-form-item > .tru-column > .tru-number-input').type('12', {\n  force: true\n});\ncy.get(':nth-child(4) > .tru-form-item > .tru-column > .tru-number-input').clear({\n  force: true\n});\ncy.get(':nth-child(4) > .tru-form-item > .tru-column > .tru-number-input').type('1', {\n  force: true\n});\ncy.get(':nth-child(4) > .tru-form-item > .tru-column > .tru-number-input').clear({\n  force: true\n});\ncy.get(':nth-child(4) > .tru-form-item > .tru-column > .tru-number-input').type('120', {\n  force: true\n});\ncy.get(':nth-child(5) > .tru-layout-Section > :nth-child(2) > :nth-child(4) > .tru-form-item').click({\n  force: true\n});\ncy.get(':nth-child(6) > div > .tru-button').click({\n  force: true\n});\ncy.wait(8000);\ncy.wait(8000);\ncy.wait(8000);\ncy.wait(8000);\ncy.wait(8000);\ncy.wait(8000);\n/* ==== End Cypress Studio ==== */",
              "err": {},
              "uuid": "e68cfdca-b90a-450c-a409-66c6a1789b99",
              "parentUUID": "bc3db15f-87f4-4e50-91b2-171127fe009f",
              "isHook": false,
              "skipped": false
            }
          ],
          "suites": [],
          "passes": [
            "e68cfdca-b90a-450c-a409-66c6a1789b99"
          ],
          "failures": [],
          "pending": [],
          "skipped": [],
          "duration": 226571,
          "root": false,
          "rootEmpty": false,
          "_timeout": 2000
        }
      ],
      "passes": [],
      "failures": [],
      "pending": [],
      "skipped": [],
      "duration": 0,
      "root": true,
      "rootEmpty": true,
      "_timeout": 2000
    }
  ],
  "meta": {
    "mocha": {
      "version": "7.0.1"
    },
    "mochawesome": {
      "options": {
        "quiet": false,
        "reportFilename": "mochawesome",
        "saveHtml": true,
        "saveJson": true,
        "consoleReporter": "spec",
        "useInlineDiffs": false,
        "code": true
      },
      "version": "6.3.1"
    },
    "marge": {
      "options": {
        "id": "default",
        "reportDir": "cypress/reports/mocha",
        "quite": true,
        "overwrite": false,
        "html": true,
        "json": true
      },
      "version": "5.2.0"
    }
  }
}