{
  "stats": {
    "suites": 1,
    "tests": 1,
    "passes": 0,
    "pending": 0,
    "failures": 1,
    "start": "2022-04-07T03:18:45.379Z",
    "end": "2022-04-07T03:21:21.628Z",
    "duration": 156249,
    "testsRegistered": 1,
    "passPercent": 0,
    "pendingPercent": 0,
    "other": 0,
    "hasOther": false,
    "skipped": 0,
    "hasSkipped": false
  },
  "results": [
    {
      "uuid": "1a163fb7-813d-428d-b0d3-a57ba52bfc47",
      "title": "",
      "fullFile": "cypress/integration/clientprofilebound.spec.js",
      "file": "cypress/integration/clientprofilebound.spec.js",
      "beforeHooks": [],
      "afterHooks": [],
      "tests": [],
      "suites": [
        {
          "uuid": "ee78f7da-c200-4763-804e-1a9e0f2543f0",
          "title": "regression trumarket",
          "fullFile": "",
          "file": "",
          "beforeHooks": [],
          "afterHooks": [],
          "tests": [
            {
              "title": "new request  ",
              "fullTitle": "regression trumarket new request  ",
              "timedOut": null,
              "duration": 146119,
              "state": "failed",
              "speed": null,
              "pass": false,
              "fail": true,
              "pending": false,
              "context": null,
              "code": "cy.log('creat a new request for old client ');\ncy.log('1-login 2-add a new reqeust 3- fill pop-over menu and click continue  4- fill cfc application field 5- click get quote  6- bind quote 7- click on profile');\ncy.log('see the steps executed below ');\ncy.wait(6000);\ncy.truflalogins();\ncy.wait(6000);\ncy.wait(8000);\n/* ==== End Cypress Studio ==== */\n/* ==== Generated with Cypress Studio ==== */\ncy.get('.header-right > :nth-child(2) > .tru-button > :nth-child(1)').click();\ncy.wait(5000);\ncy.get('[href=\"/?new=request\"]').click();\ncy.wait(8000);\n/* ==== End Cypress Studio ==== */\n/* ==== Generated with Cypress Studio ==== */\n/* ==== End Cypress Studio ==== */\n/* ==== Generated with Cypress Studio ==== */\ncy.get('.tru-button > span > div').click({\n  force: true\n});\ncy.wait(4000);\ncy.get(':nth-child(1) > .ant-form-item-control > .ant-form-item-control-input > .ant-form-item-control-input-content > .tru-text-input').click({\n  force: true\n});\ncy.wait(4000);\ncy.get(':nth-child(1) > .ant-form-item-control > .ant-form-item-control-input > .ant-form-item-control-input-content > .tru-text-input').clear({\n  force: true\n});\ncy.wait(4000);\ncy.get(':nth-child(1) > .ant-form-item-control > .ant-form-item-control-input > .ant-form-item-control-input-content > .tru-text-input').type('111111111111', {\n  force: true\n});\ncy.wait(4000);\ncy.get(':nth-child(2) > .ant-form-item-control > .ant-form-item-control-input > .ant-form-item-control-input-content > .tru-text-input').click({\n  force: true\n});\ncy.wait(4000);\ncy.get(':nth-child(2) > .ant-form-item-control > .ant-form-item-control-input > .ant-form-item-control-input-content > .tru-text-input').clear({\n  force: true\n});\ncy.wait(4000);\ncy.get(':nth-child(2) > .ant-form-item-control > .ant-form-item-control-input > .ant-form-item-control-input-content > .tru-text-input').type('zxcvbbvcxz@gmail.com', {\n  force: true\n});\ncy.wait(4000);\ncy.get(':nth-child(3) > .ant-form-item-control > .ant-form-item-control-input > .ant-form-item-control-input-content > .tru-text-input').click({\n  force: true\n});\ncy.wait(4000);\ncy.get(':nth-child(3) > .ant-form-item-control > .ant-form-item-control-input > .ant-form-item-control-input-content > .tru-text-input').clear({\n  force: true\n});\ncy.wait(4000);\ncy.get(':nth-child(3) > .ant-form-item-control > .ant-form-item-control-input > .ant-form-item-control-input-content > .tru-text-input').type('andrewaminandrewamin', {\n  force: true\n});\ncy.wait(4000);\ncy.get(':nth-child(4) > .ant-form-item-control > .ant-form-item-control-input > .ant-form-item-control-input-content > .tru-text-input').clear({\n  force: true\n});\ncy.wait(4000);\ncy.get(':nth-child(4) > .ant-form-item-control > .ant-form-item-control-input > .ant-form-item-control-input-content > .tru-text-input').type('aaaaawaaawaer', {\n  force: true\n});\ncy.wait(4000);\ncy.get('.ant-form-item-control-input-content > .primary > span').click({\n  force: true\n});\ncy.wait(4000);\ncy.get('.outline-primary').click({\n  force: true\n});\ncy.wait(4000);\n/* ==== End Cypress Studio ==== */\n/* ==== Generated with Cypress Studio ==== */\ncy.wait(9000);\n/* ==== End Cypress Studio ==== */\n/* ==== Generated with Cypress Studio ==== */\ncy.get('.boolean-select-wrapper > :nth-child(1) > .ant-checkbox > .ant-checkbox-inner').click({\n  force: true\n});\ncy.wait(5000);\ncy.get('.boolean-select-wrapper > :nth-child(1) > .ant-checkbox > .ant-checkbox-input').uncheck({\n  force: true\n});\ncy.wait(5000);\ncy.get(':nth-child(4) > .ant-checkbox > .ant-checkbox-inner').click({\n  force: true\n});\ncy.wait(5000);\ncy.get(':nth-child(4) > .ant-checkbox > .ant-checkbox-input').check({\n  force: true\n});\ncy.wait(5000);\ncy.get(':nth-child(2) > :nth-child(2) > .tru-layout-vertical-sections > .content > :nth-child(1) > .tru-layout-Section > :nth-child(2) > :nth-child(1) > .tru-form-item').click({\n  force: true\n});\ncy.wait(5000);\ncy.get('.location-search-input').clear({\n  force: true\n});\ncy.wait(5000);\ncy.get('.location-search-input').type('123', {\n  force: true\n});\ncy.wait(5000);\ncy.get('.autocomplete-dropdown-container > :nth-child(1) > span').click({\n  force: true\n});\ncy.wait(5000);\ncy.get(':nth-child(2) > :nth-child(2) > .tru-layout-vertical-sections > .content > :nth-child(1) > .tru-layout-Section > :nth-child(2) > :nth-child(2) > .tru-form-item').click({\n  force: true\n});\ncy.wait(5000);\ncy.get(':nth-child(8) > .tru-form-item > .tru-column > .tru-text-input').click({\n  force: true\n}).type('andrew.a@trufla.com', {\n  force: true\n});\ncy.wait(5000);\ncy.get(':nth-child(9) > .tru-form-item > .tru-column > .tru-text-input').click({\n  force: true\n}).type('www.apitest.com', {\n  force: true\n});\ncy.wait(5000);\ncy.get(':nth-child(10) > .tru-form-item > .tru-column > .tru-currency-input > .tru-text-input').scrollIntoView();\ncy.get(':nth-child(10) > .tru-form-item > .tru-column > .tru-currency-input > .tru-text-input').clear({\n  force: true\n});\ncy.get(':nth-child(10) > .tru-form-item > .tru-column > .tru-currency-input > .tru-text-input').type('1,000,000', {\n  force: true\n});\ncy.get(':nth-child(10) > .tru-form-item').click({\n  force: true\n});\ncy.get('.ant-select-selection-item').click({\n  force: true\n});\ncy.get('.ant-select-item-option-active > .ant-select-item-option-content > span').click({\n  force: true\n});\ncy.get(':nth-child(2) > :nth-child(2) > .tru-layout-vertical-sections > .content > :nth-child(5) > .tru-layout-Section > :nth-child(2) > .control-wrapper > .tru-form-item').scrollIntoView();\ncy.get(':nth-child(2) > :nth-child(2) > .tru-layout-vertical-sections > .content > :nth-child(5) > .tru-layout-Section > :nth-child(2) > .control-wrapper > .tru-form-item').click({\n  force: true\n});\ncy.get(':nth-child(1) > .tru-layout-Section > :nth-child(2) > :nth-child(1) > .tru-form-item > .tru-column > .tru-radio-select > :nth-child(1) > input').check({\n  force: true\n});\ncy.get(':nth-child(2) > .tru-form-item > .tru-column > :nth-child(1) > .tru-single-select-arrow-wrapper > .tru-select').select('Less than $10,000', {\n  force: true\n});\ncy.get(':nth-child(4) > :nth-child(2) > .tru-layout-vertical-sections > .content > :nth-child(1) > .tru-layout-Section > :nth-child(2) > :nth-child(2) > .tru-form-item').click({\n  force: true\n});\ncy.get(':nth-child(5) > .tru-layout-Section > :nth-child(2) > :nth-child(1) > .tru-form-item > .tru-column > .tru-radio-select > :nth-child(1) > input').check({\n  force: true\n});\ncy.wait(5000);\ncy.get(':nth-child(5) > :nth-child(2) > .tru-layout-vertical-sections > .content > :nth-child(5) > .tru-layout-Section').scrollIntoView({\n  force: true\n});\ncy.get(':nth-child(3) > .tru-form-item > .tru-column > .tru-radio-select > :nth-child(1) > input').check({\n  force: true\n});\ncy.wait(5000);\ncy.get(':nth-child(2) > .tru-form-item > .tru-column > .tru-number-input').clear({\n  force: true\n});\ncy.get(':nth-child(2) > .tru-form-item > .tru-column > .tru-number-input').type('12', {\n  force: true\n});\ncy.get(':nth-child(4) > .tru-form-item > .tru-column > .tru-number-input').clear({\n  force: true\n});\ncy.get(':nth-child(4) > .tru-form-item > .tru-column > .tru-number-input').type('120', {\n  force: true\n});\ncy.get(':nth-child(5) > .tru-layout-Section > :nth-child(2) > :nth-child(3) > .tru-form-item').click({\n  force: true\n});\n/* ==== End Cypress Studio ==== */\ncy.get(':nth-child(6) > div > .tru-button').click({\n  force: true\n});\ncy.wait(8000);\ncy.wait(8000);\ncy.wait(8000);\ncy.wait(8000);\ncy.wait(8000);\ncy.wait(8000);\n/* ==== End Cypress Studio ==== */\n/* ==== Generated with Cypress Studio ==== */\ncy.get('.tru-layout-quote-actions > .primary > span').click({\n  force: true\n});\ncy.get(':nth-child(4) > .tru-form-item > .tru-column > .tru-date-picker > .react-datepicker-wrapper > .react-datepicker__input-container > input').click({\n  force: true\n});\ncy.get('.react-datepicker__day--003').click({\n  force: true\n});\ncy.get('.purchase-controls > .primary > span').click({\n  force: true\n});\ncy.wait(8000);\ncy.wait(8000);\ncy.wait(8000);\ncy.wait(8000);\n/* ==== End Cypress Studio ==== */\n/* ==== Generated with Cypress Studio ==== */\ncy.get('.email').click({\n  force: true\n});\n/* ==== End Cypress Studio ==== */",
              "err": {
                "message": "AssertionError: Timed out retrying after 4000ms: Expected to find element: `.boolean-select-wrapper > :nth-child(1) > .ant-checkbox > .ant-checkbox-inner`, but never found it.",
                "estack": "AssertionError: Timed out retrying after 4000ms: Expected to find element: `.boolean-select-wrapper > :nth-child(1) > .ant-checkbox > .ant-checkbox-inner`, but never found it.\n    at Context.eval (https://bestinsurance.trumarket.dev/__cypress/tests?p=cypress\\integration\\clientprofilebound.spec.js:190:8)",
                "diff": null
              },
              "uuid": "49346ac3-1f0b-4de4-9993-a43efa070caa",
              "parentUUID": "ee78f7da-c200-4763-804e-1a9e0f2543f0",
              "isHook": false,
              "skipped": false
            }
          ],
          "suites": [],
          "passes": [],
          "failures": [
            "49346ac3-1f0b-4de4-9993-a43efa070caa"
          ],
          "pending": [],
          "skipped": [],
          "duration": 146119,
          "root": false,
          "rootEmpty": false,
          "_timeout": 2000
        }
      ],
      "passes": [],
      "failures": [],
      "pending": [],
      "skipped": [],
      "duration": 0,
      "root": true,
      "rootEmpty": true,
      "_timeout": 2000
    }
  ],
  "meta": {
    "mocha": {
      "version": "7.0.1"
    },
    "mochawesome": {
      "options": {
        "quiet": false,
        "reportFilename": "mochawesome",
        "saveHtml": true,
        "saveJson": true,
        "consoleReporter": "spec",
        "useInlineDiffs": false,
        "code": true
      },
      "version": "6.3.1"
    },
    "marge": {
      "options": {
        "id": "default",
        "reportDir": "cypress/reports/mocha",
        "quite": true,
        "overwrite": false,
        "html": true,
        "json": true
      },
      "version": "5.2.0"
    }
  }
}