{
  "stats": {
    "suites": 1,
    "tests": 1,
    "passes": 1,
    "pending": 0,
    "failures": 0,
    "start": "2022-04-07T02:47:42.026Z",
    "end": "2022-04-07T02:49:18.728Z",
    "duration": 96702,
    "testsRegistered": 1,
    "passPercent": 100,
    "pendingPercent": 0,
    "other": 0,
    "hasOther": false,
    "skipped": 0,
    "hasSkipped": false
  },
  "results": [
    {
      "uuid": "6465578a-6dc4-40e9-ab27-5d9a30bc01f0",
      "title": "",
      "fullFile": "cypress/integration/reqeustpagecompatability.spec.js",
      "file": "cypress/integration/reqeustpagecompatability.spec.js",
      "beforeHooks": [],
      "afterHooks": [],
      "tests": [],
      "suites": [
        {
          "uuid": "b77d3fb5-6979-4a55-9f07-51a32d664d55",
          "title": "regression trumarket",
          "fullFile": "",
          "file": "",
          "beforeHooks": [],
          "afterHooks": [],
          "tests": [
            {
              "title": "cancel new request  ",
              "fullTitle": "regression trumarket cancel new request  ",
              "timedOut": null,
              "duration": 86855,
              "state": "passed",
              "speed": "slow",
              "pass": true,
              "fail": false,
              "pending": false,
              "context": null,
              "code": "cy.log('cancel request ');\ncy.log('1-login 2-open request page with screen width over 700  ');\ncy.log('see the steps executed below ');\ncy.wait(6000);\ncy.viewport('ipad-2');\ncy.truflalogins();\ncy.wait(8000);\ncy.get('.tru-select').select('10');\ncy.wait(8000);\ncy.get('.tru-select').select('15');\ncy.wait(8000);\ncy.get('.tru-select').select('20');\ncy.wait(8000);\ncy.get('.tru-select').select('5');\ncy.wait(8000);",
              "err": {},
              "uuid": "3a63060f-1de4-4691-8186-97a9456dfb90",
              "parentUUID": "b77d3fb5-6979-4a55-9f07-51a32d664d55",
              "isHook": false,
              "skipped": false
            }
          ],
          "suites": [],
          "passes": [
            "3a63060f-1de4-4691-8186-97a9456dfb90"
          ],
          "failures": [],
          "pending": [],
          "skipped": [],
          "duration": 86855,
          "root": false,
          "rootEmpty": false,
          "_timeout": 2000
        }
      ],
      "passes": [],
      "failures": [],
      "pending": [],
      "skipped": [],
      "duration": 0,
      "root": true,
      "rootEmpty": true,
      "_timeout": 2000
    }
  ],
  "meta": {
    "mocha": {
      "version": "7.0.1"
    },
    "mochawesome": {
      "options": {
        "quiet": false,
        "reportFilename": "mochawesome",
        "saveHtml": true,
        "saveJson": true,
        "consoleReporter": "spec",
        "useInlineDiffs": false,
        "code": true
      },
      "version": "6.3.1"
    },
    "marge": {
      "options": {
        "id": "default",
        "reportDir": "cypress/reports/mocha",
        "quite": true,
        "overwrite": false,
        "html": true,
        "json": true
      },
      "version": "5.2.0"
    }
  }
}