{
  "stats": {
    "suites": 1,
    "tests": 1,
    "passes": 1,
    "pending": 0,
    "failures": 0,
    "start": "2022-04-07T02:52:03.321Z",
    "end": "2022-04-07T02:53:45.357Z",
    "duration": 102036,
    "testsRegistered": 1,
    "passPercent": 100,
    "pendingPercent": 0,
    "other": 0,
    "hasOther": false,
    "skipped": 0,
    "hasSkipped": false
  },
  "results": [
    {
      "uuid": "7999e757-8bba-47cf-8fea-7eaa0c86a27a",
      "title": "",
      "fullFile": "cypress/integration/reqeustquickadd.spec.js",
      "file": "cypress/integration/reqeustquickadd.spec.js",
      "beforeHooks": [],
      "afterHooks": [],
      "tests": [],
      "suites": [
        {
          "uuid": "02ec1331-8dbb-4130-8eda-39f6d988c599",
          "title": "regression trumarket",
          "fullFile": "",
          "file": "",
          "beforeHooks": [],
          "afterHooks": [],
          "tests": [
            {
              "title": "quickadd new request  ",
              "fullTitle": "regression trumarket quickadd new request  ",
              "timedOut": null,
              "duration": 92580,
              "state": "passed",
              "speed": "slow",
              "pass": true,
              "fail": false,
              "pending": false,
              "context": null,
              "code": "cy.log('quickadd request ');\ncy.log('1-login 2-add a new reqeust 3- fill pop-over menu and click quickadd ');\ncy.log('see the steps executed below ');\ncy.wait(6000);\ncy.truflalogins();\ncy.wait(6000);\ncy.wait(8000);\n/* ==== End Cypress Studio ==== */\n/* ==== Generated with Cypress Studio ==== */\ncy.get('.header-right > :nth-child(2) > .tru-button > :nth-child(1)').click();\ncy.wait(5000);\ncy.get('[href=\"/?new=request\"]').click();\ncy.wait(5000);\ncy.get('.client-name-and-add-user-icon > .ant-row > .ant-form-item-control > .ant-form-item-control-input > .ant-form-item-control-input-content > .search-input > .tru-search-bar > .without-search-icon-input').clear();\ncy.wait(5000);\ncy.get('.client-name-and-add-user-icon > .ant-row > .ant-form-item-control > .ant-form-item-control-input > .ant-form-item-control-input-content > .search-input > .tru-search-bar > .without-search-icon-input').type('a');\ncy.wait(5000);\ncy.get('[value=\"4ab1c81a-018e-4a56-912f-2e8927c54295\"]').click({\n  force: true\n});\ncy.wait(5000);\ncy.get('.btn-actions-container > div > .primary').click({\n  force: true\n});\ncy.wait(7000);\n/* ==== End Cypress Studio ==== */\n/* ==== Generated with Cypress Studio ==== */\n/* ==== End Cypress Studio ==== */",
              "err": {},
              "uuid": "a8155cda-d5e7-422a-9404-b4e6d0ec5ff9",
              "parentUUID": "02ec1331-8dbb-4130-8eda-39f6d988c599",
              "isHook": false,
              "skipped": false
            }
          ],
          "suites": [],
          "passes": [
            "a8155cda-d5e7-422a-9404-b4e6d0ec5ff9"
          ],
          "failures": [],
          "pending": [],
          "skipped": [],
          "duration": 92580,
          "root": false,
          "rootEmpty": false,
          "_timeout": 2000
        }
      ],
      "passes": [],
      "failures": [],
      "pending": [],
      "skipped": [],
      "duration": 0,
      "root": true,
      "rootEmpty": true,
      "_timeout": 2000
    }
  ],
  "meta": {
    "mocha": {
      "version": "7.0.1"
    },
    "mochawesome": {
      "options": {
        "quiet": false,
        "reportFilename": "mochawesome",
        "saveHtml": true,
        "saveJson": true,
        "consoleReporter": "spec",
        "useInlineDiffs": false,
        "code": true
      },
      "version": "6.3.1"
    },
    "marge": {
      "options": {
        "id": "default",
        "reportDir": "cypress/reports/mocha",
        "quite": true,
        "overwrite": false,
        "html": true,
        "json": true
      },
      "version": "5.2.0"
    }
  }
}