{
  "stats": {
    "suites": 1,
    "tests": 1,
    "passes": 1,
    "pending": 0,
    "failures": 0,
    "start": "2022-03-26T23:20:42.315Z",
    "end": "2022-03-26T23:22:32.676Z",
    "duration": 110361,
    "testsRegistered": 1,
    "passPercent": 100,
    "pendingPercent": 0,
    "other": 0,
    "hasOther": false,
    "skipped": 0,
    "hasSkipped": false
  },
  "results": [
    {
      "uuid": "1e93898a-e09e-4115-907b-7953edf9f616",
      "title": "",
      "fullFile": "cypress/integration/rbc.spec.js",
      "file": "cypress/integration/rbc.spec.js",
      "beforeHooks": [],
      "afterHooks": [],
      "tests": [],
      "suites": [
        {
          "uuid": "09b6182a-b329-470e-a465-63a3c58c6755",
          "title": "rbc",
          "fullFile": "",
          "file": "",
          "beforeHooks": [],
          "afterHooks": [],
          "tests": [
            {
              "title": "rbc",
              "fullTitle": "rbc rbc",
              "timedOut": null,
              "duration": 104406,
              "state": "passed",
              "speed": "slow",
              "pass": true,
              "fail": false,
              "pending": false,
              "context": null,
              "code": "cy.visit('https://yamlifeinsdev.wpengine.com/');\n/* ==== End Cypress Studio ==== */\n/* ==== Generated with Cypress Studio ==== */\n/* ==== End Cypress Studio ==== */\n/* ==== Generated with Cypress Studio ==== */\ncy.get('.t-header__quote-button').click();\ncy.get('#gform_next_button_7_60').click();\ncy.wait(6000);\ncy.wait(6000);\ncy.get('#field_7_11').invoke(\"css\", \"background-color\", \"red\");\ncy.wait(5000);\ncy.get('#choice_7_11_0').check();\ncy.wait(5000);\ncy.get('#field_7_12 > .gfield_label').invoke(\"css\", \"background-color\", \"red\");\ncy.get('#input_7_12').click();\ncy.get('.ui-datepicker-year').select('2001');\ncy.get(':nth-child(2) > :nth-child(5) > .ui-state-default').click();\ncy.wait(5000);\ncy.get('#field_7_13').scrollIntoView();\ncy.scrollTo('center');\ncy.wait(5000);\ncy.wait(5000);\ncy.get('#input_7_13_5').clear();\ncy.get('#input_7_13_5').type('A1A 1A1');\ncy.wait(5000);\ncy.get('#field_7_26').scrollIntoView();\ncy.scrollTo('center');\ncy.wait(5000);\ncy.get('#choice_7_26_0').check();\ncy.wait(5000);\ncy.get('#gform_next_button_7_9').click();\ncy.wait(5000);\ncy.wait(6000);\n/* ==== Generated with Cypress Studio ==== */\ncy.get('#input_7_15').select('6');\ncy.get('#input_7_16').select('100000');\n/* ==== End Cypress Studio ==== */\ncy.wait(6000);\ncy.wait(6000);\n/* ==== Generated with Cypress Studio ==== */\n/* ==== End Cypress Studio ==== */\n/* ==== Generated with Cypress Studio ==== */\ncy.get(':nth-child(3) > .select > .select-btn').click();\ncy.wait(6000);\ncy.get('.t-primary-content__col > .t-primary-content__container').scrollIntoView();\ncy.get('.t-primary-content__col > .t-primary-content__container').screenshot();\ncy.wait(6000);\ncy.get('[style=\"text-align: center;\"] > .t-button').click();\ncy.wait(6000);\n/* ==== End Cypress Studio ==== */",
              "err": {},
              "uuid": "1b1e7f59-a3d6-4615-bc63-18665194dbde",
              "parentUUID": "09b6182a-b329-470e-a465-63a3c58c6755",
              "isHook": false,
              "skipped": false
            }
          ],
          "suites": [],
          "passes": [
            "1b1e7f59-a3d6-4615-bc63-18665194dbde"
          ],
          "failures": [],
          "pending": [],
          "skipped": [],
          "duration": 104406,
          "root": false,
          "rootEmpty": false,
          "_timeout": 2000
        }
      ],
      "passes": [],
      "failures": [],
      "pending": [],
      "skipped": [],
      "duration": 0,
      "root": true,
      "rootEmpty": true,
      "_timeout": 2000
    }
  ],
  "meta": {
    "mocha": {
      "version": "7.0.1"
    },
    "mochawesome": {
      "options": {
        "quiet": false,
        "reportFilename": "mochawesome",
        "saveHtml": true,
        "saveJson": true,
        "consoleReporter": "spec",
        "useInlineDiffs": false,
        "code": true
      },
      "version": "6.3.1"
    },
    "marge": {
      "options": {
        "id": "default",
        "reportDir": "cypress/reports/mocha",
        "quite": true,
        "overwrite": false,
        "html": true,
        "json": true
      },
      "version": "5.2.0"
    }
  }
}