{
  "stats": {
    "suites": 1,
    "tests": 1,
    "passes": 1,
    "pending": 0,
    "failures": 0,
    "start": "2022-04-03T02:07:01.374Z",
    "end": "2022-04-03T02:08:18.473Z",
    "duration": 77099,
    "testsRegistered": 1,
    "passPercent": 100,
    "pendingPercent": 0,
    "other": 0,
    "hasOther": false,
    "skipped": 0,
    "hasSkipped": false
  },
  "results": [
    {
      "uuid": "75983a70-aa07-4ad0-8bc6-34e0abbc3b89",
      "title": "",
      "fullFile": "cypress/integration/searchattachmet.spec.js",
      "file": "cypress/integration/searchattachmet.spec.js",
      "beforeHooks": [],
      "afterHooks": [],
      "tests": [],
      "suites": [
        {
          "uuid": "2ec996ba-33ed-423b-8b72-8f1c93d01f7c",
          "title": "searchactivity",
          "fullFile": "",
          "file": "",
          "beforeHooks": [],
          "afterHooks": [],
          "tests": [
            {
              "title": " search",
              "fullTitle": "searchactivity  search",
              "timedOut": null,
              "duration": 74462,
              "state": "passed",
              "speed": "slow",
              "pass": true,
              "fail": false,
              "pending": false,
              "context": null,
              "code": "cy.truflalogins();\nconst fileName = 'SampleFile.pdf';\ncy.wait(8000);\n/* ==== End Cypress Studio ==== */\n/* ==== Generated with Cypress Studio ==== */\ncy.get('.tru-search-bar > .false').clear();\ncy.get('.tru-search-bar > .false').type('andrew');\ncy.wait(8000);\ncy.get(':nth-child(3) > .tru-contact > .info-container > .name > .highlight-wrapper > :nth-child(3)').click();\ncy.wait(8000);\ncy.get('#react-tabs-2').click();\ncy.wait(8000);\n/* ==== End Cypress Studio ==== */\n/* ==== Generated with Cypress Studio ==== */\ncy.get('.filter-option-caretDown > .tru-icon').click();\ncy.get('.animate__animated > :nth-child(2) > :nth-child(1) > span').click();\ncy.get('.attachment-search-bar > .tru-search-bar > .false').clear();\ncy.get('.attachment-search-bar > .tru-search-bar > .false').type('po');\ncy.get('.attachment-search-bar > .tru-search-bar > .false').click();\ncy.get('.attachment-selected-filter-option-text').click();\ncy.get('.animate__animated > :nth-child(3) > :nth-child(1) > span').click();\ncy.get('.attachment-search-bar > .tru-search-bar > .false').clear();\ncy.get('.attachment-search-bar > .tru-search-bar > .false').type('datalock');\n/* ==== End Cypress Studio ==== */",
              "err": {},
              "uuid": "a8f1ad3b-bdb8-433f-81d0-619ed1bf2b28",
              "parentUUID": "2ec996ba-33ed-423b-8b72-8f1c93d01f7c",
              "isHook": false,
              "skipped": false
            }
          ],
          "suites": [],
          "passes": [
            "a8f1ad3b-bdb8-433f-81d0-619ed1bf2b28"
          ],
          "failures": [],
          "pending": [],
          "skipped": [],
          "duration": 74462,
          "root": false,
          "rootEmpty": false,
          "_timeout": 2000
        }
      ],
      "passes": [],
      "failures": [],
      "pending": [],
      "skipped": [],
      "duration": 0,
      "root": true,
      "rootEmpty": true,
      "_timeout": 2000
    }
  ],
  "meta": {
    "mocha": {
      "version": "7.0.1"
    },
    "mochawesome": {
      "options": {
        "quiet": false,
        "reportFilename": "mochawesome",
        "saveHtml": true,
        "saveJson": true,
        "consoleReporter": "spec",
        "useInlineDiffs": false,
        "code": true
      },
      "version": "6.3.1"
    },
    "marge": {
      "options": {
        "id": "default",
        "reportDir": "cypress/reports/mocha",
        "quite": true,
        "overwrite": false,
        "html": true,
        "json": true
      },
      "version": "5.2.0"
    }
  }
}