{
  "stats": {
    "suites": 1,
    "tests": 1,
    "passes": 1,
    "pending": 0,
    "failures": 0,
    "start": "2022-04-03T01:13:31.291Z",
    "end": "2022-04-03T01:15:06.083Z",
    "duration": 94792,
    "testsRegistered": 1,
    "passPercent": 100,
    "pendingPercent": 0,
    "other": 0,
    "hasOther": false,
    "skipped": 0,
    "hasSkipped": false
  },
  "results": [
    {
      "uuid": "d26433b2-c004-49d8-a079-c2b345a48f3c",
      "title": "",
      "fullFile": "cypress/integration/reqeustpagination.spec.js",
      "file": "cypress/integration/reqeustpagination.spec.js",
      "beforeHooks": [],
      "afterHooks": [],
      "tests": [],
      "suites": [
        {
          "uuid": "a875c1bc-a9db-4437-ab69-103dfd4650cb",
          "title": "regression trumarket",
          "fullFile": "",
          "file": "",
          "beforeHooks": [],
          "afterHooks": [],
          "tests": [
            {
              "title": " request pagination  ",
              "fullTitle": "regression trumarket  request pagination  ",
              "timedOut": null,
              "duration": 86052,
              "state": "passed",
              "speed": "slow",
              "pass": true,
              "fail": false,
              "pending": false,
              "context": null,
              "code": "cy.log('request pagination ');\ncy.log('1-login 2-change pagination for request page ');\ncy.log('see the steps executed below ');\ncy.wait(6000);\ncy.truflalogins();\ncy.wait(8000);\n/* ==== End Cypress Studio ==== */\n/* ==== Generated with Cypress Studio ==== */\ncy.get('.tru-select').select('10');\ncy.wait(8000);\ncy.get('.tru-select').select('15');\ncy.wait(8000);\ncy.get('.tru-select').select('20');\ncy.wait(8000);\ncy.get('.tru-select').select('5');\ncy.wait(8000);\n/* ==== End Cypress Studio ==== */",
              "err": {},
              "uuid": "e377294d-1354-458c-a35f-a6f2e5f65130",
              "parentUUID": "a875c1bc-a9db-4437-ab69-103dfd4650cb",
              "isHook": false,
              "skipped": false
            }
          ],
          "suites": [],
          "passes": [
            "e377294d-1354-458c-a35f-a6f2e5f65130"
          ],
          "failures": [],
          "pending": [],
          "skipped": [],
          "duration": 86052,
          "root": false,
          "rootEmpty": false,
          "_timeout": 2000
        }
      ],
      "passes": [],
      "failures": [],
      "pending": [],
      "skipped": [],
      "duration": 0,
      "root": true,
      "rootEmpty": true,
      "_timeout": 2000
    }
  ],
  "meta": {
    "mocha": {
      "version": "7.0.1"
    },
    "mochawesome": {
      "options": {
        "quiet": false,
        "reportFilename": "mochawesome",
        "saveHtml": true,
        "saveJson": true,
        "consoleReporter": "spec",
        "useInlineDiffs": false,
        "code": true
      },
      "version": "6.3.1"
    },
    "marge": {
      "options": {
        "id": "default",
        "reportDir": "cypress/reports/mocha",
        "quite": true,
        "overwrite": false,
        "html": true,
        "json": true
      },
      "version": "5.2.0"
    }
  }
}