{
  "stats": {
    "suites": 1,
    "tests": 1,
    "passes": 1,
    "pending": 0,
    "failures": 0,
    "start": "2022-04-07T01:56:39.963Z",
    "end": "2022-04-07T01:57:53.703Z",
    "duration": 73740,
    "testsRegistered": 1,
    "passPercent": 100,
    "pendingPercent": 0,
    "other": 0,
    "hasOther": false,
    "skipped": 0,
    "hasSkipped": false
  },
  "results": [
    {
      "uuid": "e4463a37-6a1a-49d3-b3f9-2b27c86c7e2e",
      "title": "",
      "fullFile": "cypress/integration/addclient.spec.js",
      "file": "cypress/integration/addclient.spec.js",
      "beforeHooks": [],
      "afterHooks": [],
      "tests": [],
      "suites": [
        {
          "uuid": "be712d14-24c8-4643-897f-dec1ec035509",
          "title": "regression",
          "fullFile": "",
          "file": "",
          "beforeHooks": [],
          "afterHooks": [],
          "tests": [
            {
              "title": " add a clients",
              "fullTitle": "regression  add a clients",
              "timedOut": null,
              "duration": 63904,
              "state": "passed",
              "speed": "slow",
              "pass": true,
              "fail": false,
              "pending": false,
              "context": null,
              "code": "cy.log('create a new client');\ncy.log('1-login 2-add a new client 3- fill menu  ');\ncy.log('see the steps executed below ');\ncy.wait(6000);\ncy.truflalogins();\ncy.wait(8000);\ncy.get('[href=\"/clients\"]').click();\ncy.wait(8000);\n/* ==== End Cypress Studio ==== */\n/* ==== Generated with Cypress Studio ==== */\ncy.get('.header-right > :nth-child(2) > .tru-button > :nth-child(1)').click({\n  force: true\n});\ncy.get('[href=\"/?new=client\"]').click({\n  force: true\n});\ncy.get(':nth-child(1) > .ant-form-item-control > .ant-form-item-control-input > .ant-form-item-control-input-content > .tru-text-input').clear({\n  force: true\n});\ncy.get(':nth-child(1) > .ant-form-item-control > .ant-form-item-control-input > .ant-form-item-control-input-content > .tru-text-input').type('000000', {\n  force: true\n});\ncy.get(':nth-child(2) > .ant-form-item-control > .ant-form-item-control-input > .ant-form-item-control-input-content > .tru-text-input').clear({\n  force: true\n});\ncy.get(':nth-child(2) > .ant-form-item-control > .ant-form-item-control-input > .ant-form-item-control-input-content > .tru-text-input').type('aaaaaswwwwwwxcvbzs@gmail.com', {\n  force: true\n});\ncy.get(':nth-child(3) > .ant-form-item-control > .ant-form-item-control-input > .ant-form-item-control-input-content > .tru-text-input').clear({\n  force: true\n});\ncy.get(':nth-child(3) > .ant-form-item-control > .ant-form-item-control-input > .ant-form-item-control-input-content > .tru-text-input').type('aaaaqwxasdadsa', {\n  force: true\n});\ncy.get(':nth-child(4) > .ant-form-item-control > .ant-form-item-control-input > .ant-form-item-control-input-content > .tru-text-input').clear({\n  force: true\n});\ncy.get(':nth-child(4) > .ant-form-item-control > .ant-form-item-control-input > .ant-form-item-control-input-content > .tru-text-input').type('andrewcompany', {\n  force: true\n});\ncy.get('.ant-form-item-control-input-content > .primary').click({\n  force: true\n});",
              "err": {},
              "uuid": "0e70a3f7-c798-4cf5-83ea-0f3ce922b0ba",
              "parentUUID": "be712d14-24c8-4643-897f-dec1ec035509",
              "isHook": false,
              "skipped": false
            }
          ],
          "suites": [],
          "passes": [
            "0e70a3f7-c798-4cf5-83ea-0f3ce922b0ba"
          ],
          "failures": [],
          "pending": [],
          "skipped": [],
          "duration": 63904,
          "root": false,
          "rootEmpty": false,
          "_timeout": 2000
        }
      ],
      "passes": [],
      "failures": [],
      "pending": [],
      "skipped": [],
      "duration": 0,
      "root": true,
      "rootEmpty": true,
      "_timeout": 2000
    }
  ],
  "meta": {
    "mocha": {
      "version": "7.0.1"
    },
    "mochawesome": {
      "options": {
        "quiet": false,
        "reportFilename": "mochawesome",
        "saveHtml": true,
        "saveJson": true,
        "consoleReporter": "spec",
        "useInlineDiffs": false,
        "code": true
      },
      "version": "6.3.1"
    },
    "marge": {
      "options": {
        "id": "default",
        "reportDir": "cypress/reports/mocha",
        "quite": true,
        "overwrite": false,
        "html": true,
        "json": true
      },
      "version": "5.2.0"
    }
  }
}