{
  "stats": {
    "suites": 1,
    "tests": 1,
    "passes": 1,
    "pending": 0,
    "failures": 0,
    "start": "2022-04-03T00:46:22.724Z",
    "end": "2022-04-03T00:48:27.150Z",
    "duration": 124426,
    "testsRegistered": 1,
    "passPercent": 100,
    "pendingPercent": 0,
    "other": 0,
    "hasOther": false,
    "skipped": 0,
    "hasSkipped": false
  },
  "results": [
    {
      "uuid": "ab4f043a-7924-480a-91ad-a3f498619ae8",
      "title": "",
      "fullFile": "cypress/integration/assignrequest.spec.js",
      "file": "cypress/integration/assignrequest.spec.js",
      "beforeHooks": [],
      "afterHooks": [],
      "tests": [],
      "suites": [
        {
          "uuid": "66e755ea-f9a4-4306-be47-93dbedac31d3",
          "title": "regression trumarket",
          "fullFile": "",
          "file": "",
          "beforeHooks": [],
          "afterHooks": [],
          "tests": [
            {
              "title": "assign request to me & broker ",
              "fullTitle": "regression trumarket assign request to me & broker ",
              "timedOut": null,
              "duration": 115604,
              "state": "passed",
              "speed": "slow",
              "pass": true,
              "fail": false,
              "pending": false,
              "context": null,
              "code": "cy.log('assign request to me & broker');\ncy.log('1-login 2-press the assign button 3- asign request to me or other 4-enter description');\ncy.log('see the steps executed below ');\ncy.wait(6000);\ncy.truflalogins();\ncy.wait(6000);\n/* ==== Generated with Cypress Studio ==== */\ncy.get(':nth-child(2) > .cell-to-show > :nth-child(1) > .tru-dropdown-menu > .tru-icon > g > [cy=\"7\"]').click({\n  force: true\n});\ncy.get(':nth-child(2) > .cell-to-show > :nth-child(1) > .tru-dropdown-menu > .animate__animated > .tru-assign-request > span').click({\n  force: true\n});\ncy.wait(6000);\ncy.get('.without-search-icon-input').clear({\n  force: true\n});\ncy.wait(4000);\ncy.get('.without-search-icon-input').type('ah');\ncy.wait(6000);\ncy.get('[value=\"adf297e1-8ff7-405f-bd41-ce20f5dbed05\"]').click({\n  force: true\n});\ncy.wait(4000);\ncy.get('.tru-textarea').click();\ncy.get('.tru-textarea').type('aaaaaaa');\ncy.wait(4000);\ncy.get('.tru-content > .primary').click({\n  force: true\n});\ncy.wait(4000);\n/* ==== End Cypress Studio ==== */\n/* ==== Generated with Cypress Studio ==== */\ncy.get('.filters-buttons > div > .primary > span').click({\n  force: true\n});\ncy.get(':nth-child(4) > .list-filter > .filter-icon > .tru-icon > path').click({\n  force: true\n});\ncy.get('[data-title=\"Me\"] > .tru-form-item > .custom-checkbox > .tru-boolean-input').uncheck({\n  force: true\n});\ncy.get('.filters-buttons').click({\n  force: true\n});\ncy.get(':nth-child(2) > .cell-to-show > :nth-child(1) > .tru-dropdown-menu > .tru-icon').click({\n  force: true\n});\ncy.wait(4000);\ncy.get(':nth-child(2) > .cell-to-show > :nth-child(1) > .tru-dropdown-menu > .tru-icon > g > [cy=\"7\"]').click({\n  force: true\n});\ncy.wait(4000);\ncy.get(':nth-child(2) > .cell-to-show > :nth-child(1) > .tru-dropdown-menu > .animate__animated > .tru-assign-request > span').click({\n  force: true\n});\ncy.wait(4000);\ncy.get('.without-search-icon-input').clear({\n  force: true\n});\ncy.wait(4000);\ncy.get('.without-search-icon-input').type('andrew');\ncy.wait(6000);\ncy.get('[value=\"79cc7cc4-82f8-419b-8a65-3fd102697a90\"]').click({\n  force: true\n});\ncy.wait(4000);\ncy.get('.tru-textarea').click();\ncy.get('.tru-textarea').type('aaaaaaa');\ncy.wait(4000);\ncy.get('.tru-content > .primary').click({\n  force: true\n});\ncy.wait(4000);\n/* ==== End Cypress Studio ==== */",
              "err": {},
              "uuid": "86afaca8-9d36-4f15-8d64-b7e8159a97ea",
              "parentUUID": "66e755ea-f9a4-4306-be47-93dbedac31d3",
              "isHook": false,
              "skipped": false
            }
          ],
          "suites": [],
          "passes": [
            "86afaca8-9d36-4f15-8d64-b7e8159a97ea"
          ],
          "failures": [],
          "pending": [],
          "skipped": [],
          "duration": 115604,
          "root": false,
          "rootEmpty": false,
          "_timeout": 2000
        }
      ],
      "passes": [],
      "failures": [],
      "pending": [],
      "skipped": [],
      "duration": 0,
      "root": true,
      "rootEmpty": true,
      "_timeout": 2000
    }
  ],
  "meta": {
    "mocha": {
      "version": "7.0.1"
    },
    "mochawesome": {
      "options": {
        "quiet": false,
        "reportFilename": "mochawesome",
        "saveHtml": true,
        "saveJson": true,
        "consoleReporter": "spec",
        "useInlineDiffs": false,
        "code": true
      },
      "version": "6.3.1"
    },
    "marge": {
      "options": {
        "id": "default",
        "reportDir": "cypress/reports/mocha",
        "quite": true,
        "overwrite": false,
        "html": true,
        "json": true
      },
      "version": "5.2.0"
    }
  }
}