{
  "stats": {
    "suites": 1,
    "tests": 1,
    "passes": 1,
    "pending": 0,
    "failures": 0,
    "start": "2022-04-03T01:41:17.603Z",
    "end": "2022-04-03T01:43:18.352Z",
    "duration": 120749,
    "testsRegistered": 1,
    "passPercent": 100,
    "pendingPercent": 0,
    "other": 0,
    "hasOther": false,
    "skipped": 0,
    "hasSkipped": false
  },
  "results": [
    {
      "uuid": "013ad2d3-ff8b-4aa6-867d-a2e34ac13601",
      "title": "",
      "fullFile": "cypress/integration/changedetailsclient.spec.js",
      "file": "cypress/integration/changedetailsclient.spec.js",
      "beforeHooks": [],
      "afterHooks": [],
      "tests": [],
      "suites": [
        {
          "uuid": "018ae4d1-2082-4e52-a0bd-8129c8e4df69",
          "title": "regression test ",
          "fullFile": "",
          "file": "",
          "beforeHooks": [],
          "afterHooks": [],
          "tests": [
            {
              "title": " change client details ",
              "fullTitle": "regression test   change client details ",
              "timedOut": null,
              "duration": 111571,
              "state": "passed",
              "speed": "slow",
              "pass": true,
              "fail": false,
              "pending": false,
              "context": null,
              "code": "cy.log('change details ');\ncy.log('1-login 2-click on any client  3- enter dashboard and change details ');\ncy.log('see the steps executed below ');\ncy.wait(6000);\ncy.truflalogins();\ncy.wait(8000);\n/* ==== End Cypress Studio ==== */\n/* ==== Generated with Cypress Studio ==== */\ncy.get('.tru-search-bar > .false').clear();\ncy.get('.tru-search-bar > .false').type('clie');\ncy.wait(8000);\ncy.get(':nth-child(3) > .tru-contact > .info-container > .name > .highlight-wrapper > :nth-child(3)').click();\ncy.wait(8000);\n/* ==== End Cypress Studio ==== */\n/* ==== Generated with Cypress Studio ==== */\ncy.get(':nth-child(5) > .tru-editable-field > :nth-child(1) > .edit-icon-wrapper > .tru-icon > use').click({\n  force: true\n});\ncy.wait(8000);\ncy.get('.tru-text-input').clear({\n  force: true\n});\ncy.wait(8000);\ncy.get('.tru-text-input').type('w2wwww{enter}', {\n  force: true\n});\ncy.wait(8000);\ncy.get('.label-icon-wrapper > .edit-icon-wrapper > .tru-icon > use').click({\n  force: true\n});\ncy.wait(8000);\ncy.get('.tru-select').select('Facebook', {\n  force: true\n});\ncy.wait(8000);\n/* ==== End Cypress Studio ==== */",
              "err": {},
              "uuid": "236ff427-6b24-4301-b34e-78a3d960e91b",
              "parentUUID": "018ae4d1-2082-4e52-a0bd-8129c8e4df69",
              "isHook": false,
              "skipped": false
            }
          ],
          "suites": [],
          "passes": [
            "236ff427-6b24-4301-b34e-78a3d960e91b"
          ],
          "failures": [],
          "pending": [],
          "skipped": [],
          "duration": 111571,
          "root": false,
          "rootEmpty": false,
          "_timeout": 2000
        }
      ],
      "passes": [],
      "failures": [],
      "pending": [],
      "skipped": [],
      "duration": 0,
      "root": true,
      "rootEmpty": true,
      "_timeout": 2000
    }
  ],
  "meta": {
    "mocha": {
      "version": "7.0.1"
    },
    "mochawesome": {
      "options": {
        "quiet": false,
        "reportFilename": "mochawesome",
        "saveHtml": true,
        "saveJson": true,
        "consoleReporter": "spec",
        "useInlineDiffs": false,
        "code": true
      },
      "version": "6.3.1"
    },
    "marge": {
      "options": {
        "id": "default",
        "reportDir": "cypress/reports/mocha",
        "quite": true,
        "overwrite": false,
        "html": true,
        "json": true
      },
      "version": "5.2.0"
    }
  }
}