{
  "stats": {
    "suites": 1,
    "tests": 1,
    "passes": 1,
    "pending": 0,
    "failures": 0,
    "start": "2022-04-07T02:37:10.477Z",
    "end": "2022-04-07T02:38:23.193Z",
    "duration": 72716,
    "testsRegistered": 1,
    "passPercent": 100,
    "pendingPercent": 0,
    "other": 0,
    "hasOther": false,
    "skipped": 0,
    "hasSkipped": false
  },
  "results": [
    {
      "uuid": "88deb128-e113-4e2f-b582-8e34780a46ab",
      "title": "",
      "fullFile": "cypress/integration/clientsearch.spec.js",
      "file": "cypress/integration/clientsearch.spec.js",
      "beforeHooks": [],
      "afterHooks": [],
      "tests": [],
      "suites": [
        {
          "uuid": "8ea72871-c85c-45a4-8db8-fb362c88a76d",
          "title": "regression test ",
          "fullFile": "",
          "file": "",
          "beforeHooks": [],
          "afterHooks": [],
          "tests": [
            {
              "title": " search",
              "fullTitle": "regression test   search",
              "timedOut": null,
              "duration": 62918,
              "state": "passed",
              "speed": "slow",
              "pass": true,
              "fail": false,
              "pending": false,
              "context": null,
              "code": "cy.log('search for client  ');\ncy.log('1-login 2-click on search bar  3- search for client  ');\ncy.log('see the steps executed below ');\ncy.wait(6000);\ncy.truflalogins();\ncy.wait(8000);\n/* ==== End Cypress Studio ==== */\n/* ==== Generated with Cypress Studio ==== */\ncy.get('.tru-search-bar > .false').clear();\ncy.get('.tru-search-bar > .false').type('clie');\ncy.wait(8000);\ncy.get(':nth-child(3) > .tru-contact > .info-container > .name > .highlight-wrapper > :nth-child(3)').click();\n/* ==== End Cypress Studio ==== */",
              "err": {},
              "uuid": "991c83a6-cf98-4a48-ad1d-947b38fb7d15",
              "parentUUID": "8ea72871-c85c-45a4-8db8-fb362c88a76d",
              "isHook": false,
              "skipped": false
            }
          ],
          "suites": [],
          "passes": [
            "991c83a6-cf98-4a48-ad1d-947b38fb7d15"
          ],
          "failures": [],
          "pending": [],
          "skipped": [],
          "duration": 62918,
          "root": false,
          "rootEmpty": false,
          "_timeout": 2000
        }
      ],
      "passes": [],
      "failures": [],
      "pending": [],
      "skipped": [],
      "duration": 0,
      "root": true,
      "rootEmpty": true,
      "_timeout": 2000
    }
  ],
  "meta": {
    "mocha": {
      "version": "7.0.1"
    },
    "mochawesome": {
      "options": {
        "quiet": false,
        "reportFilename": "mochawesome",
        "saveHtml": true,
        "saveJson": true,
        "consoleReporter": "spec",
        "useInlineDiffs": false,
        "code": true
      },
      "version": "6.3.1"
    },
    "marge": {
      "options": {
        "id": "default",
        "reportDir": "cypress/reports/mocha",
        "quite": true,
        "overwrite": false,
        "html": true,
        "json": true
      },
      "version": "5.2.0"
    }
  }
}