{
  "stats": {
    "suites": 1,
    "tests": 1,
    "passes": 1,
    "pending": 0,
    "failures": 0,
    "start": "2022-04-07T04:44:08.835Z",
    "end": "2022-04-07T04:49:29.197Z",
    "duration": 320362,
    "testsRegistered": 1,
    "passPercent": 100,
    "pendingPercent": 0,
    "other": 0,
    "hasOther": false,
    "skipped": 0,
    "hasSkipped": false
  },
  "results": [
    {
      "uuid": "408a1c57-7dac-43ec-89d9-a9ec7a0b81e1",
      "title": "",
      "fullFile": "cypress/integration/clientprofilebound.spec.js",
      "file": "cypress/integration/clientprofilebound.spec.js",
      "beforeHooks": [],
      "afterHooks": [],
      "tests": [],
      "suites": [
        {
          "uuid": "6192933e-ba55-4374-b12d-f36fdfd36f8e",
          "title": "regression trumarket",
          "fullFile": "",
          "file": "",
          "beforeHooks": [],
          "afterHooks": [],
          "tests": [
            {
              "title": "new request  ",
              "fullTitle": "regression trumarket new request  ",
              "timedOut": null,
              "duration": 309446,
              "state": "passed",
              "speed": "slow",
              "pass": true,
              "fail": false,
              "pending": false,
              "context": null,
              "code": "cy.log('creat a new request for old client ');\ncy.log('1-login 2-add a new reqeust 3- fill pop-over menu and click continue  4- fill coalition application field 5- click get quote  6- bind quote 7- click on profile');\ncy.log('see the steps executed below ');\ncy.wait(6000);\ncy.truflalogins();\ncy.wait(6000);\ncy.wait(8000);\n/* ==== End Cypress Studio ==== */\n/* ==== Generated with Cypress Studio ==== */\ncy.get('.header-right > :nth-child(2) > .tru-button > :nth-child(1)').click();\ncy.wait(5000);\ncy.get('[href=\"/?new=request\"]').click();\ncy.wait(5000);\ncy.get('.client-name-and-add-user-icon > .ant-row > .ant-form-item-control > .ant-form-item-control-input > .ant-form-item-control-input-content > .search-input > .tru-search-bar > .without-search-icon-input').clear();\ncy.wait(5000);\ncy.get('.client-name-and-add-user-icon > .ant-row > .ant-form-item-control > .ant-form-item-control-input > .ant-form-item-control-input-content > .search-input > .tru-search-bar > .without-search-icon-input').type('a');\ncy.wait(5000);\ncy.get('[value=\"4ab1c81a-018e-4a56-912f-2e8927c54295\"]').click({\n  force: true\n});\ncy.get('.outline-primary > span').click();\n/* ==== End Cypress Studio ==== */\n/* ==== Generated with Cypress Studio ==== */\ncy.wait(9000);\n/* ==== End Cypress Studio ==== */\n/* ==== Generated with Cypress Studio ==== */\ncy.get('.multi-values > :nth-child(1) > .tru-button').click();\ncy.get('.multi-values > :nth-child(1) > .tru-button').click();\ncy.get('.multi-values > :nth-child(2) > .tru-button').click();\ncy.get('.multi-values > :nth-child(2) > .tru-button > :nth-child(1) > span').click();\ncy.wait(8000);\ncy.get(':nth-child(2) > :nth-child(2) > .tru-layout-vertical-sections > .content > :nth-child(1) > .tru-layout-Section > :nth-child(2) > :nth-child(1) > .tru-form-item').click({\n  force: true\n});\ncy.wait(5000);\ncy.get('.location-search-input').clear({\n  force: true\n});\ncy.wait(5000);\ncy.get('.location-search-input').type('123', {\n  force: true\n});\ncy.wait(5000);\ncy.get('.autocomplete-dropdown-container > :nth-child(1) > span').click({\n  force: true\n});\ncy.wait(5000);\ncy.get(':nth-child(2) > :nth-child(2) > .tru-layout-vertical-sections > .content > :nth-child(1) > .tru-layout-Section > :nth-child(2) > :nth-child(2) > .tru-form-item').click({\n  force: true\n});\ncy.wait(5000);\ncy.wait(5000);\ncy.get(':nth-child(9) > .tru-form-item > .tru-column > .tru-text-input').click({\n  force: true\n}).type('www.malloftanta.com', {\n  force: true\n});\ncy.wait(5000);\ncy.get(':nth-child(10) > .tru-form-item > .tru-column > .tru-currency-input > .tru-text-input').scrollIntoView();\ncy.get(':nth-child(10) > .tru-form-item > .tru-column > .tru-currency-input > .tru-text-input').clear({\n  force: true\n});\ncy.get(':nth-child(10) > .tru-form-item > .tru-column > .tru-currency-input > .tru-text-input').type('1,000,000', {\n  force: true\n});\ncy.get(':nth-child(2) > :nth-child(2) > .tru-layout-vertical-sections > .content > :nth-child(4) > .tru-layout-Section > :nth-child(2) > :nth-child(1) > .tru-form-item > .tru-column > :nth-child(1) > .tru-single-select-arrow-wrapper > .tru-select').select('ADMITTED', {\n  force: true\n});\ncy.get(':nth-child(4) > .tru-layout-Section > :nth-child(2) > :nth-child(2) > .tru-form-item > .tru-column > .tru-text-input').clear({\n  force: true\n});\ncy.get(':nth-child(4) > .tru-layout-Section > :nth-child(2) > :nth-child(2) > .tru-form-item > .tru-column > .tru-text-input').type('2', {\n  force: true\n});\ncy.get(':nth-child(4) > .tru-layout-Section > :nth-child(2) > :nth-child(2) > .tru-form-item > .tru-column > .tru-text-input').clear({\n  force: true\n});\ncy.get(':nth-child(4) > .tru-layout-Section > :nth-child(2) > :nth-child(2) > .tru-form-item > .tru-column > .tru-text-input').type('23', {\n  force: true\n});\ncy.get('.ant-select-selection-item').click({\n  force: true\n});\ncy.get('.rc-virtual-list-scrollbar-thumb').click({\n  force: true\n});\ncy.get('.ant-select-item-option-active > .ant-select-item-option-content > span').click({\n  force: true\n});\ncy.get(':nth-child(4) > .tru-layout-Section > :nth-child(2) > :nth-child(4) > .tru-form-item > .tru-column > :nth-child(1) > .tru-single-select-arrow-wrapper > .tru-select').select('1-25', {\n  force: true\n});\ncy.get(':nth-child(2) > :nth-child(2) > .tru-layout-vertical-sections > .content > :nth-child(4) > .tru-layout-Section > :nth-child(2) > :nth-child(4) > .tru-form-item').click({\n  force: true\n});\ncy.get(':nth-child(5) > .tru-form-item > .tru-column > .tru-currency-input > .tru-text-input').clear({\n  force: true\n});\ncy.get(':nth-child(5) > .tru-form-item > .tru-column > .tru-currency-input > .tru-text-input').type('400,000', {\n  force: true\n});\ncy.get(':nth-child(2) > :nth-child(2) > .tru-layout-vertical-sections > .content > :nth-child(4) > .tru-layout-Section > :nth-child(2) > :nth-child(5) > .tru-form-item').click({\n  force: true\n});\ncy.get(':nth-child(4) > :nth-child(2) > .tru-layout-vertical-sections > .content > :nth-child(1) > .tru-layout-Section > :nth-child(2) > :nth-child(2) > .tru-form-item > .tru-column > .tru-radio-select > :nth-child(1) > input').check({\n  force: true\n});\ncy.get(':nth-child(4) > :nth-child(2) > .tru-layout-vertical-sections > .content > :nth-child(1) > .tru-layout-Section > :nth-child(2) > :nth-child(3) > .tru-form-item > .tru-column > :nth-child(1) > .tru-single-select-arrow-wrapper > .tru-select').select('Less than $10,000', {\n  force: true\n});\ncy.get(':nth-child(4) > :nth-child(2) > .tru-layout-vertical-sections > .content > :nth-child(1) > .tru-layout-Section > :nth-child(2) > :nth-child(2) > .tru-form-item').click({\n  force: true\n});\ncy.get('.tru-textarea').click({\n  force: true\n}).type('ee', {\n  force: true\n});\ncy.get(':nth-child(2) > .tru-layout-Section > :nth-child(2) > .control-wrapper > .tru-form-item').click({\n  force: true\n});\ncy.get(':nth-child(5) > :nth-child(2) > .tru-layout-vertical-sections > .content > :nth-child(4) > .tru-layout-Section > :nth-child(2) > :nth-child(1) > .tru-form-item > .tru-column > :nth-child(1) > .tru-single-select-arrow-wrapper > .tru-select').select('25000', {\n  force: true\n});\ncy.get(':nth-child(2) > .tru-form-item > .tru-column > :nth-child(1) > .tru-single-select-arrow-wrapper > .tru-select').select('500', {\n  force: true\n});\ncy.get('.tru-column > .tru-single-select-arrow-wrapper > .tru-select').select('essential', {\n  force: true\n});\ncy.get('.ant-select-selection-item').click({\n  force: true\n});\ncy.wait(6000);\ncy.get('#rc_select_2').clear({\n  force: true\n});\ncy.wait(6000);\ncy.get('#rc_select_2').type('bank{enter}', {\n  force: true\n});\ncy.wait(6000);\ncy.get(':nth-child(6) > div > .tru-button').click({\n  force: true\n});\ncy.wait(8000);\ncy.wait(8000);\ncy.wait(8000);\ncy.wait(8000);\ncy.wait(8000);\ncy.wait(8000);\ncy.get('.tru-layout-quote-actions > .primary > span').click({\n  force: true\n});\ncy.wait(6000);\ncy.wait(6000);\ncy.get(':nth-child(4) > .tru-form-item > .tru-column > .tru-date-picker-new > .ant-picker > .ant-picker-input > input').click({\n  force: true\n});\ncy.wait(6000);\ncy.wait(6000);\ncy.get('.ant-picker-cell-today > .ant-picker-cell-inner').click({\n  force: true\n});\ncy.wait(6000);\ncy.wait(6000);\ncy.get('.purchase-controls > .primary > span').click({\n  force: true\n});\ncy.wait(6000);\ncy.wait(6000);\ncy.wait(6000);\ncy.wait(6000);\ncy.wait(6000);\ncy.wait(6000);\ncy.wait(6000);\ncy.wait(6000);\n/* ==== End Cypress Studio ==== */\n/* ==== Generated with Cypress Studio ==== */\ncy.get('.email').click({\n  force: true\n});\n/* ==== End Cypress Studio ==== */",
              "err": {},
              "uuid": "bc880d61-5dee-4afb-95c3-e0a1f7a73963",
              "parentUUID": "6192933e-ba55-4374-b12d-f36fdfd36f8e",
              "isHook": false,
              "skipped": false
            }
          ],
          "suites": [],
          "passes": [
            "bc880d61-5dee-4afb-95c3-e0a1f7a73963"
          ],
          "failures": [],
          "pending": [],
          "skipped": [],
          "duration": 309446,
          "root": false,
          "rootEmpty": false,
          "_timeout": 2000
        }
      ],
      "passes": [],
      "failures": [],
      "pending": [],
      "skipped": [],
      "duration": 0,
      "root": true,
      "rootEmpty": true,
      "_timeout": 2000
    }
  ],
  "meta": {
    "mocha": {
      "version": "7.0.1"
    },
    "mochawesome": {
      "options": {
        "quiet": false,
        "reportFilename": "mochawesome",
        "saveHtml": true,
        "saveJson": true,
        "consoleReporter": "spec",
        "useInlineDiffs": false,
        "code": true
      },
      "version": "6.3.1"
    },
    "marge": {
      "options": {
        "id": "default",
        "reportDir": "cypress/reports/mocha",
        "quite": true,
        "overwrite": false,
        "html": true,
        "json": true
      },
      "version": "5.2.0"
    }
  }
}