{
  "stats": {
    "suites": 1,
    "tests": 1,
    "passes": 1,
    "pending": 0,
    "failures": 0,
    "start": "2022-04-07T03:44:58.825Z",
    "end": "2022-04-07T03:47:50.841Z",
    "duration": 172016,
    "testsRegistered": 1,
    "passPercent": 100,
    "pendingPercent": 0,
    "other": 0,
    "hasOther": false,
    "skipped": 0,
    "hasSkipped": false
  },
  "results": [
    {
      "uuid": "b20abad6-5df0-4a7a-a96f-faf46013866f",
      "title": "",
      "fullFile": "cypress/integration/bbrrequest.spec.js",
      "file": "cypress/integration/bbrrequest.spec.js",
      "beforeHooks": [],
      "afterHooks": [],
      "tests": [],
      "suites": [
        {
          "uuid": "8e756fad-67e0-4a43-88ac-c7578984f0bc",
          "title": "regression trumarket",
          "fullFile": "",
          "file": "",
          "beforeHooks": [],
          "afterHooks": [],
          "tests": [
            {
              "title": "new request  ",
              "fullTitle": "regression trumarket new request  ",
              "timedOut": null,
              "duration": 161638,
              "state": "passed",
              "speed": "slow",
              "pass": true,
              "fail": false,
              "pending": false,
              "context": null,
              "code": "cy.log('creat a new request for old client ');\ncy.log('1-login 2-add a new reqeust 3- fill pop-over menu and click continue  4- fill cfc application field 5- click get quote ');\ncy.log('see the steps executed below ');\ncy.wait(6000);\ncy.truflalogins();\ncy.wait(6000);\n/* ==== End Cypress Studio ==== */\n/* ==== Generated with Cypress Studio ==== */\ncy.get('.header-right > :nth-child(2) > .tru-button > :nth-child(1)').click();\ncy.wait(5000);\ncy.get('[href=\"/?new=request\"]').click();\ncy.wait(5000);\ncy.get('.client-name-and-add-user-icon > .ant-row > .ant-form-item-control > .ant-form-item-control-input > .ant-form-item-control-input-content > .search-input > .tru-search-bar > .without-search-icon-input').clear();\ncy.wait(5000);\ncy.get('.client-name-and-add-user-icon > .ant-row > .ant-form-item-control > .ant-form-item-control-input > .ant-form-item-control-input-content > .search-input > .tru-search-bar > .without-search-icon-input').type('a');\ncy.wait(5000);\ncy.get('[value=\"4ab1c81a-018e-4a56-912f-2e8927c54295\"]').click({\n  force: true\n});\ncy.get('.outline-primary > span').click();\n/* ==== End Cypress Studio ==== */\n/* ==== Generated with Cypress Studio ==== */\ncy.wait(9000);\ncy.wait(9000);\n/* ==== End Cypress Studio ==== */\n/* ==== Generated with Cypress Studio ==== */\ncy.get(':nth-child(5) > .tru-button > :nth-child(1) > span').click({\n  force: true\n});\ncy.get(':nth-child(4) > .tru-button').click({\n  force: true\n});\ncy.get(':nth-child(3) > .tru-button > :nth-child(1) > span').click({\n  force: true\n});\ncy.get(':nth-child(1) > .tru-button > :nth-child(1) > span').click({\n  force: true\n});\ncy.get('.location-search-input').type('123', {\n  force: true\n});\ncy.wait(5000);\ncy.get('.autocomplete-dropdown-container > :nth-child(1) > span').click({\n  force: true\n});\ncy.wait(5000);\ncy.get(':nth-child(2) > :nth-child(2) > .tru-layout-vertical-sections > .content > :nth-child(1) > .tru-layout-Section > :nth-child(2) > :nth-child(3) > .tru-form-item').click({\n  force: true\n});\ncy.get(':nth-child(10) > .tru-form-item > .tru-column > .tru-text-input').clear({\n  force: true\n});\ncy.get(':nth-child(10) > .tru-form-item > .tru-column > .tru-text-input').type('www.trufla.com', {\n  force: true\n});\ncy.get('.tru-currency-input > .tru-text-input').clear({\n  force: true\n});\ncy.get('.tru-currency-input > .tru-text-input').type('1,000,000', {\n  force: true\n});\ncy.get(':nth-child(10) > .tru-form-item').click({\n  force: true\n});\ncy.get(':nth-child(2) > :nth-child(2) > .tru-layout-vertical-sections > .content > :nth-child(3) > .tru-layout-Section > :nth-child(2) > :nth-child(1) > .tru-form-item > .tru-column > :nth-child(1) > .tru-single-select-arrow-wrapper > .tru-select').select('Lockton Companies, LLC - Chicago, IL', {\n  force: true\n});\ncy.get('.ant-select-selection-item').click({\n  force: true\n});\ncy.get('#rc_select_1').clear({\n  force: true\n});\ncy.get('#rc_select_1').type('rest', {\n  force: true\n});\ncy.wait(4000);\ncy.get('.ant-select-item-option-content > span').click({\n  force: true\n});\ncy.get(':nth-child(2) > :nth-child(2) > .tru-layout-vertical-sections > .content > :nth-child(3) > .tru-layout-Section > :nth-child(2) > :nth-child(2) > .tru-form-item').click({\n  force: true\n});\ncy.get(':nth-child(3) > :nth-child(2) > .tru-layout-vertical-sections > .content > :nth-child(1) > .tru-layout-Section > :nth-child(2) > :nth-child(2) > .tru-form-item').click({\n  force: true\n});\ncy.get(':nth-child(5) > .tru-form-item > .tru-column > :nth-child(1) > .tru-single-select-arrow-wrapper > .tru-select').select('30 Days', {\n  force: true\n});\ncy.get(':nth-child(3) > :nth-child(2) > .tru-layout-vertical-sections > .content > :nth-child(1) > .tru-layout-Section > :nth-child(2) > :nth-child(5)').click({\n  force: true\n});\ncy.get(':nth-child(3) > :nth-child(2) > .tru-layout-vertical-sections > .content > :nth-child(3) > .tru-layout-Section > :nth-child(2) > :nth-child(1) > .tru-form-item').click({\n  force: true\n});\ncy.get(':nth-child(4) > :nth-child(2) > .tru-layout-vertical-sections > .content > :nth-child(1) > .tru-layout-Section > :nth-child(2) > :nth-child(5) > .tru-form-item').click({\n  force: true\n});\ncy.get(':nth-child(5) > :nth-child(2) > .tru-layout-vertical-sections > .content > :nth-child(3) > .tru-layout-Section > :nth-child(2) > :nth-child(1) > .tru-form-item > .tru-column > :nth-child(1) > .tru-single-select-arrow-wrapper > .tru-select').select('25000', {\n  force: true\n});\ncy.get(':nth-child(6) > div > .tru-button').click({\n  force: true\n});\ncy.wait(8000);\ncy.wait(8000);\ncy.wait(8000);\ncy.wait(8000);\ncy.wait(8000);\ncy.wait(8000);\n/* ==== End Cypress Studio ==== */",
              "err": {},
              "uuid": "11204601-9601-4c86-b063-af116dc251ee",
              "parentUUID": "8e756fad-67e0-4a43-88ac-c7578984f0bc",
              "isHook": false,
              "skipped": false
            }
          ],
          "suites": [],
          "passes": [
            "11204601-9601-4c86-b063-af116dc251ee"
          ],
          "failures": [],
          "pending": [],
          "skipped": [],
          "duration": 161638,
          "root": false,
          "rootEmpty": false,
          "_timeout": 2000
        }
      ],
      "passes": [],
      "failures": [],
      "pending": [],
      "skipped": [],
      "duration": 0,
      "root": true,
      "rootEmpty": true,
      "_timeout": 2000
    }
  ],
  "meta": {
    "mocha": {
      "version": "7.0.1"
    },
    "mochawesome": {
      "options": {
        "quiet": false,
        "reportFilename": "mochawesome",
        "saveHtml": true,
        "saveJson": true,
        "consoleReporter": "spec",
        "useInlineDiffs": false,
        "code": true
      },
      "version": "6.3.1"
    },
    "marge": {
      "options": {
        "id": "default",
        "reportDir": "cypress/reports/mocha",
        "quite": true,
        "overwrite": false,
        "html": true,
        "json": true
      },
      "version": "5.2.0"
    }
  }
}