{
  "stats": {
    "suites": 1,
    "tests": 1,
    "passes": 1,
    "pending": 0,
    "failures": 0,
    "start": "2022-04-03T01:08:59.378Z",
    "end": "2022-04-03T01:11:23.020Z",
    "duration": 143642,
    "testsRegistered": 1,
    "passPercent": 100,
    "pendingPercent": 0,
    "other": 0,
    "hasOther": false,
    "skipped": 0,
    "hasSkipped": false
  },
  "results": [
    {
      "uuid": "4cda52ab-7572-493e-97f2-ff0cebfe148f",
      "title": "",
      "fullFile": "cypress/integration/newrequestfornewclient.spec.js",
      "file": "cypress/integration/newrequestfornewclient.spec.js",
      "beforeHooks": [],
      "afterHooks": [],
      "tests": [],
      "suites": [
        {
          "uuid": "4a88e06c-2f8f-4980-8516-d090e9d9e97e",
          "title": "regression trumarket",
          "fullFile": "",
          "file": "",
          "beforeHooks": [],
          "afterHooks": [],
          "tests": [
            {
              "title": "new request  ",
              "fullTitle": "regression trumarket new request  ",
              "timedOut": null,
              "duration": 131341,
              "state": "passed",
              "speed": "slow",
              "pass": true,
              "fail": false,
              "pending": false,
              "context": null,
              "code": "cy.log('creat a new request for new client ');\ncy.log('1-login 2-add a new reqeust 3- add a new client 4-fill pop-over menu and click continue ');\ncy.log('see the steps executed below ');\ncy.wait(6000);\ncy.truflalogins();\ncy.wait(6000);\ncy.wait(8000);\n/* ==== End Cypress Studio ==== */\n/* ==== Generated with Cypress Studio ==== */\ncy.get('.header-right > :nth-child(2) > .tru-button > :nth-child(1)').click();\ncy.wait(5000);\ncy.get('[href=\"/?new=request\"]').click();\ncy.wait(8000);\n/* ==== End Cypress Studio ==== */\n/* ==== Generated with Cypress Studio ==== */\n/* ==== End Cypress Studio ==== */\n/* ==== Generated with Cypress Studio ==== */\ncy.get('.tru-button > span > div').click({\n  force: true\n});\ncy.wait(4000);\ncy.get(':nth-child(1) > .ant-form-item-control > .ant-form-item-control-input > .ant-form-item-control-input-content > .tru-text-input').click({\n  force: true\n});\ncy.wait(4000);\ncy.get(':nth-child(1) > .ant-form-item-control > .ant-form-item-control-input > .ant-form-item-control-input-content > .tru-text-input').clear({\n  force: true\n});\ncy.wait(4000);\ncy.get(':nth-child(1) > .ant-form-item-control > .ant-form-item-control-input > .ant-form-item-control-input-content > .tru-text-input').type('1111111111', {\n  force: true\n});\ncy.wait(4000);\ncy.get(':nth-child(2) > .ant-form-item-control > .ant-form-item-control-input > .ant-form-item-control-input-content > .tru-text-input').click({\n  force: true\n});\ncy.wait(4000);\ncy.get(':nth-child(2) > .ant-form-item-control > .ant-form-item-control-input > .ant-form-item-control-input-content > .tru-text-input').clear({\n  force: true\n});\ncy.wait(4000);\ncy.get(':nth-child(2) > .ant-form-item-control > .ant-form-item-control-input > .ant-form-item-control-input-content > .tru-text-input').type('annwesnnnnnnwssssswwnnnnn@gmail.com', {\n  force: true\n});\ncy.wait(4000);\ncy.get(':nth-child(3) > .ant-form-item-control > .ant-form-item-control-input > .ant-form-item-control-input-content > .tru-text-input').click({\n  force: true\n});\ncy.wait(4000);\ncy.get(':nth-child(3) > .ant-form-item-control > .ant-form-item-control-input > .ant-form-item-control-input-content > .tru-text-input').clear({\n  force: true\n});\ncy.wait(4000);\ncy.get(':nth-child(3) > .ant-form-item-control > .ant-form-item-control-input > .ant-form-item-control-input-content > .tru-text-input').type('aassssssssssssssss', {\n  force: true\n});\ncy.wait(4000);\ncy.get(':nth-child(4) > .ant-form-item-control > .ant-form-item-control-input > .ant-form-item-control-input-content > .tru-text-input').clear({\n  force: true\n});\ncy.wait(4000);\ncy.get(':nth-child(4) > .ant-form-item-control > .ant-form-item-control-input > .ant-form-item-control-input-content > .tru-text-input').type('aaaaaaaaaaa', {\n  force: true\n});\ncy.wait(4000);\ncy.get('.ant-form-item-control-input-content > .primary > span').click({\n  force: true\n});\ncy.wait(4000);\ncy.get('.outline-primary > span').click({\n  force: true\n});\ncy.wait(4000);\n/* ==== End Cypress Studio ==== */",
              "err": {},
              "uuid": "13535f31-b759-49fe-9f0d-fb747da92da0",
              "parentUUID": "4a88e06c-2f8f-4980-8516-d090e9d9e97e",
              "isHook": false,
              "skipped": false
            }
          ],
          "suites": [],
          "passes": [
            "13535f31-b759-49fe-9f0d-fb747da92da0"
          ],
          "failures": [],
          "pending": [],
          "skipped": [],
          "duration": 131341,
          "root": false,
          "rootEmpty": false,
          "_timeout": 2000
        }
      ],
      "passes": [],
      "failures": [],
      "pending": [],
      "skipped": [],
      "duration": 0,
      "root": true,
      "rootEmpty": true,
      "_timeout": 2000
    }
  ],
  "meta": {
    "mocha": {
      "version": "7.0.1"
    },
    "mochawesome": {
      "options": {
        "quiet": false,
        "reportFilename": "mochawesome",
        "saveHtml": true,
        "saveJson": true,
        "consoleReporter": "spec",
        "useInlineDiffs": false,
        "code": true
      },
      "version": "6.3.1"
    },
    "marge": {
      "options": {
        "id": "default",
        "reportDir": "cypress/reports/mocha",
        "quite": true,
        "overwrite": false,
        "html": true,
        "json": true
      },
      "version": "5.2.0"
    }
  }
}