{
  "stats": {
    "suites": 1,
    "tests": 2,
    "passes": 2,
    "pending": 0,
    "failures": 0,
    "start": "2021-11-18T15:43:16.114Z",
    "end": "2021-11-18T15:44:42.784Z",
    "duration": 86670,
    "testsRegistered": 2,
    "passPercent": 100,
    "pendingPercent": 0,
    "other": 0,
    "hasOther": false,
    "skipped": 0,
    "hasSkipped": false
  },
  "results": [
    {
      "uuid": "25ce2d59-d34f-4904-90b4-a4239816014d",
      "title": "",
      "fullFile": "cypress/integration/getquote.spec.js",
      "file": "cypress/integration/getquote.spec.js",
      "beforeHooks": [],
      "afterHooks": [],
      "tests": [],
      "suites": [
        {
          "uuid": "030e3c7d-1c8e-4569-8556-e272df6cd87f",
          "title": "quotebug",
          "fullFile": "",
          "file": "",
          "beforeHooks": [],
          "afterHooks": [],
          "tests": [
            {
              "title": " login",
              "fullTitle": "quotebug  login",
              "timedOut": null,
              "duration": 39148,
              "state": "passed",
              "speed": "slow",
              "pass": true,
              "fail": false,
              "pending": false,
              "context": null,
              "code": "cy.truflalogins();\ncy.clearCookie('authId');\n/* ==== End Cypress Studio ==== */",
              "err": {},
              "uuid": "fce24ae7-1529-43ce-b784-e3d6b68626cb",
              "parentUUID": "030e3c7d-1c8e-4569-8556-e272df6cd87f",
              "isHook": false,
              "skipped": false
            },
            {
              "title": " quote",
              "fullTitle": "quotebug  quote",
              "timedOut": null,
              "duration": 44487,
              "state": "passed",
              "speed": "slow",
              "pass": true,
              "fail": false,
              "pending": false,
              "context": null,
              "code": "cy.visit(' https://bestinsurance.trumarket.dev/').then(() => {\n  // we are trying to return something\n  // from the .within callback,\n  // but it won't have any effect\n  cy.log('enter website ');\n});\ncy.wait(8000);\ncy.wait(8000);\n/* ==== End Cypress Studio ==== */\n/* ==== Generated with Cypress Studio ==== */\ncy.get('.pagination > :nth-child(4) > span').click();\ncy.wait(8000);\ncy.get(':nth-child(5) > :nth-child(1) > a').click();\ncy.wait(8000);\n/* ==== End Cypress Studio ==== */\n/* ==== Generated with Cypress Studio ==== */\n//cy.get('.tru-layout-horizontal-inputs > .tru-button > span').click();\ncy.get('.tru-layout-horizontal-inputs > .tru-button > span').invoke(\"css\", \"background-color\", \"red\");\ncy.wait(5000);\n/* ==== End Cypress Studio ==== */\n/* ==== Generated with Cypress Studio ==== */\ncy.get('.visible > .tru-layout-tab > .control-wrapper').click();\ncy.get(':nth-child(2) > .step-header-container > .step-header > .arrow > .tru-icon > :nth-child(2) > g > path').click();\ncy.get('.tru-icon > use').click({\n  force: true\n});\ncy.get('.tru-layout-vertical-steps > :nth-child(2)').click();\ncy.get(':nth-child(2) > .step-header-container > .step-header > .arrow > .tru-icon > :nth-child(2) > g > path').click();\ncy.get(':nth-child(3) > .step-header-container > .step-header > .arrow > .tru-icon > :nth-child(2) > g > path').click();\ncy.get(':nth-child(3) > .step-header-container > .step-header > .arrow > .tru-icon').click();\ncy.get(':nth-child(3) > :nth-child(2) > .tru-layout-horizontal-tabs > .tabs').click();\ncy.get(':nth-child(3) > .step-header-container > .step-header > .arrow > .tru-icon > :nth-child(2) > g > path').click();\ncy.get('.tru-layout-horizontal-inputs > .tru-button > span').click();\ncy.get('.tru-layout-horizontal-inputs > .tru-button > span').invoke(\"css\", \"background-color\", \"red\");\ncy.wait(5000);\n/* ==== End Cypress Studio ==== */",
              "err": {},
              "uuid": "e6398015-5879-4eae-9499-cb6535c9eecf",
              "parentUUID": "030e3c7d-1c8e-4569-8556-e272df6cd87f",
              "isHook": false,
              "skipped": false
            }
          ],
          "suites": [],
          "passes": [
            "fce24ae7-1529-43ce-b784-e3d6b68626cb",
            "e6398015-5879-4eae-9499-cb6535c9eecf"
          ],
          "failures": [],
          "pending": [],
          "skipped": [],
          "duration": 83635,
          "root": false,
          "rootEmpty": false,
          "_timeout": 2000
        }
      ],
      "passes": [],
      "failures": [],
      "pending": [],
      "skipped": [],
      "duration": 0,
      "root": true,
      "rootEmpty": true,
      "_timeout": 2000
    }
  ],
  "meta": {
    "mocha": {
      "version": "7.0.1"
    },
    "mochawesome": {
      "options": {
        "quiet": false,
        "reportFilename": "mochawesome",
        "saveHtml": false,
        "saveJson": true,
        "consoleReporter": "spec",
        "useInlineDiffs": false,
        "code": true
      },
      "version": "6.2.2"
    },
    "marge": {
      "options": {
        "overwrite": false,
        "html": false,
        "json": true
      },
      "version": "5.2.0"
    }
  }
}