{
  "stats": {
    "suites": 1,
    "tests": 1,
    "passes": 1,
    "pending": 0,
    "failures": 0,
    "start": "2021-08-19T11:57:11.241Z",
    "end": "2021-08-19T11:58:05.565Z",
    "duration": 54324,
    "testsRegistered": 1,
    "passPercent": 100,
    "pendingPercent": 0,
    "other": 0,
    "hasOther": false,
    "skipped": 0,
    "hasSkipped": false
  },
  "results": [
    {
      "uuid": "9168b2a2-1517-4f39-a485-e695878ed988",
      "title": "",
      "fullFile": "cypress/integration/inventory/setting/setting1.spec.js",
      "file": "cypress/integration/inventory/setting/setting1.spec.js",
      "beforeHooks": [],
      "afterHooks": [],
      "tests": [],
      "suites": [
        {
          "uuid": "cd48d6ab-7878-4466-a330-5e0fe4f74c4d",
          "title": "inventorysetting",
          "fullFile": "",
          "file": "",
          "beforeHooks": [],
          "afterHooks": [],
          "tests": [
            {
              "title": "setting1allowstore",
              "fullTitle": "inventorysetting setting1allowstore",
              "timedOut": null,
              "duration": 50969,
              "state": "passed",
              "speed": "slow",
              "pass": true,
              "fail": false,
              "pending": false,
              "context": null,
              "code": "cy.login();\ncy.get('.side-menu > :nth-child(4) > :nth-child(1)').click().then(() => {\n  // we are trying to return something\n  // from the .within callback,\n  // but it won't have any effect\n  cy.log('open inventory tab ');\n});\ncy.wait(8000);\ncy.get('.active > .nav > :nth-child(1) > a').click().then(() => {\n  // we are trying to return something\n  // from the .within callback,\n  // but it won't have any effect\n  cy.log('open inventory settings ');\n});\ncy.get('.divTableInventoryType > .table > thead > tr > :nth-child(1)').scrollIntoView().then(() => {\n  // we are trying to return something\n  // from the .within callback,\n  // but it won't have any effect\n  cy.log(' only 10 view ');\n});\ncy.get('#txtSearchInventoryType').type('طلب فحص ').then(() => {\n  // we are trying to return something\n  // from the .within callback,\n  // but it won't have any effect\n  cy.log('search for طلب فحص  ');\n});\ncy.wait(8000);\ncy.get('label > .btn').click().then(() => {\n  // we are trying to return something\n  // from the .within callback,\n  // but it won't have any effect\n  cy.log('no thing happen  ');\n});\ncy.wait(8000);",
              "err": {},
              "uuid": "f3de7a2f-9ba3-44e8-8f54-d2da2e8963c3",
              "parentUUID": "cd48d6ab-7878-4466-a330-5e0fe4f74c4d",
              "isHook": false,
              "skipped": false
            }
          ],
          "suites": [],
          "passes": [
            "f3de7a2f-9ba3-44e8-8f54-d2da2e8963c3"
          ],
          "failures": [],
          "pending": [],
          "skipped": [],
          "duration": 50969,
          "root": false,
          "rootEmpty": false,
          "_timeout": 2000
        }
      ],
      "passes": [],
      "failures": [],
      "pending": [],
      "skipped": [],
      "duration": 0,
      "root": true,
      "rootEmpty": true,
      "_timeout": 2000
    }
  ],
  "meta": {
    "mocha": {
      "version": "7.0.1"
    },
    "mochawesome": {
      "options": {
        "quiet": false,
        "reportFilename": "mochawesome",
        "saveHtml": false,
        "saveJson": true,
        "consoleReporter": "spec",
        "useInlineDiffs": false,
        "code": true
      },
      "version": "6.2.2"
    },
    "marge": {
      "options": {
        "overwrite": false,
        "html": false,
        "json": true
      },
      "version": "5.2.0"
    }
  }
}