{
  "stats": {
    "suites": 1,
    "tests": 1,
    "passes": 0,
    "pending": 0,
    "failures": 1,
    "start": "2021-08-10T12:16:20.650Z",
    "end": "2021-08-10T12:17:30.337Z",
    "duration": 69687,
    "testsRegistered": 1,
    "passPercent": 0,
    "pendingPercent": 0,
    "other": 0,
    "hasOther": false,
    "skipped": 0,
    "hasSkipped": false
  },
  "results": [
    {
      "uuid": "08d70296-45d4-4a75-b376-812c14ddd200",
      "title": "",
      "fullFile": "cypress/integration/inventory/businesslogicscenario.spec.js",
      "file": "cypress/integration/inventory/businesslogicscenario.spec.js",
      "beforeHooks": [],
      "afterHooks": [],
      "tests": [],
      "suites": [
        {
          "uuid": "2d9120df-d2de-4564-80b2-95d2256ba807",
          "title": "inventory",
          "fullFile": "",
          "file": "",
          "beforeHooks": [],
          "afterHooks": [],
          "tests": [
            {
              "title": "requestamany",
              "fullTitle": "inventory requestamany",
              "timedOut": null,
              "duration": 65324,
              "state": "failed",
              "speed": null,
              "pass": false,
              "fail": true,
              "pending": false,
              "context": null,
              "code": "cy.login();\ncy.wait(5000);\ncy.get('.side-menu > :nth-child(1) > :nth-child(1) > :nth-child(2)').click();\ncy.wait(8000);\ncy.get('#row_1006 > a').click();\ncy.wait(8000);\ncy.wait(8000);\ncy.get('#datatable-keytable_wrapper > :nth-child(2) > .table > thead > tr > :nth-child(6) > .btn').scrollIntoView();\ncy.get('#datatable-keytable_wrapper > :nth-child(2) > .table > thead > tr > :nth-child(6) > .btn').click();\ncy.wait(8000);\n/* ==== Generated with Cypress Studio ==== */\ncy.get('#txtMarkReqTypeId').clear();\ncy.get('#txtMarkReqTypeId').type('طلب شراء مواد خام');\ncy.get('#wizard > .list-unstyled').click();\ncy.get('#txtMarkReqExecutDate').click();\ncy.get('[data-day=\"08/11/2021\"]').click();\ncy.get('.buttonNext').click();\ncy.get('#txtlistSupplier').clear();\ncy.get('#txtlistSupplier').type('شركة الاندلس ');\ncy.get('.buttonNext').click();\ncy.get('.confirm').click();\n/* ==== End Cypress Studio ==== */",
              "err": {
                "message": "CypressError: Timed out retrying after 4050ms: `cy.click()` failed because this element is not visible:\n\n`<ul class=\"list-unstyled wizard_steps anchor hide\"></ul>`\n\nThis element `<ul.list-unstyled.wizard_steps.anchor.hide>` is not visible because it has CSS property: `display: none`\n\nFix this problem, or use `{force: true}` to disable error checking.\n\nhttps://on.cypress.io/element-cannot-be-interacted-with",
                "estack": "CypressError: Timed out retrying after 4050ms: `cy.click()` failed because this element is not visible:\n\n`<ul class=\"list-unstyled wizard_steps anchor hide\"></ul>`\n\nThis element `<ul.list-unstyled.wizard_steps.anchor.hide>` is not visible because it has CSS property: `display: none`\n\nFix this problem, or use `{force: true}` to disable error checking.\n\nhttps://on.cypress.io/element-cannot-be-interacted-with\n    at $Cy.ensureVisibility (http://printcheq.devartlabcrm.com/__cypress/runner/cypress_runner.js:148405:24)\n    at runAllChecks (http://printcheq.devartlabcrm.com/__cypress/runner/cypress_runner.js:136083:14)\n    at retryActionability (http://printcheq.devartlabcrm.com/__cypress/runner/cypress_runner.js:136137:16)\n    at tryCatcher (http://printcheq.devartlabcrm.com/__cypress/runner/cypress_runner.js:13212:23)\n    at Function.Promise.attempt.Promise.try (http://printcheq.devartlabcrm.com/__cypress/runner/cypress_runner.js:10486:29)\n    at tryFn (http://printcheq.devartlabcrm.com/__cypress/runner/cypress_runner.js:153198:21)\n    at whenStable (http://printcheq.devartlabcrm.com/__cypress/runner/cypress_runner.js:153236:12)\n    at http://printcheq.devartlabcrm.com/__cypress/runner/cypress_runner.js:152728:16\n    at tryCatcher (http://printcheq.devartlabcrm.com/__cypress/runner/cypress_runner.js:13212:23)\n    at Promise._settlePromiseFromHandler (http://printcheq.devartlabcrm.com/__cypress/runner/cypress_runner.js:11147:31)\n    at Promise._settlePromise (http://printcheq.devartlabcrm.com/__cypress/runner/cypress_runner.js:11204:18)\n    at Promise._settlePromise0 (http://printcheq.devartlabcrm.com/__cypress/runner/cypress_runner.js:11249:10)\n    at Promise._settlePromises (http://printcheq.devartlabcrm.com/__cypress/runner/cypress_runner.js:11329:18)\n    at Promise._fulfill (http://printcheq.devartlabcrm.com/__cypress/runner/cypress_runner.js:11273:18)\n    at http://printcheq.devartlabcrm.com/__cypress/runner/cypress_runner.js:12887:46\nFrom Your Spec Code:\n    at Context.eval (http://printcheq.devartlabcrm.com/__cypress/tests?p=cypress\\integration\\inventory\\businesslogicscenario.spec.js:116:40)",
                "diff": null
              },
              "uuid": "1c42986a-9fcb-4801-8e38-d149b2b13c18",
              "parentUUID": "2d9120df-d2de-4564-80b2-95d2256ba807",
              "isHook": false,
              "skipped": false
            }
          ],
          "suites": [],
          "passes": [],
          "failures": [
            "1c42986a-9fcb-4801-8e38-d149b2b13c18"
          ],
          "pending": [],
          "skipped": [],
          "duration": 65324,
          "root": false,
          "rootEmpty": false,
          "_timeout": 2000
        }
      ],
      "passes": [],
      "failures": [],
      "pending": [],
      "skipped": [],
      "duration": 0,
      "root": true,
      "rootEmpty": true,
      "_timeout": 2000
    }
  ],
  "meta": {
    "mocha": {
      "version": "7.0.1"
    },
    "mochawesome": {
      "options": {
        "quiet": false,
        "reportFilename": "mochawesome",
        "saveHtml": false,
        "saveJson": true,
        "consoleReporter": "spec",
        "useInlineDiffs": false,
        "code": true
      },
      "version": "6.2.2"
    },
    "marge": {
      "options": {
        "overwrite": false,
        "html": false,
        "json": true
      },
      "version": "5.2.0"
    }
  }
}