{
  "stats": {
    "suites": 1,
    "tests": 2,
    "passes": 2,
    "pending": 0,
    "failures": 0,
    "start": "2021-12-09T11:22:51.276Z",
    "end": "2021-12-09T11:25:15.100Z",
    "duration": 143824,
    "testsRegistered": 2,
    "passPercent": 100,
    "pendingPercent": 0,
    "other": 0,
    "hasOther": false,
    "skipped": 0,
    "hasSkipped": false
  },
  "results": [
    {
      "uuid": "08f1c96a-f573-4cea-9fd5-8682b9d32f78",
      "title": "",
      "fullFile": "cypress/integration/clientbugs.spec.js",
      "file": "cypress/integration/clientbugs.spec.js",
      "beforeHooks": [],
      "afterHooks": [],
      "tests": [],
      "suites": [
        {
          "uuid": "a26d74d9-5587-45ea-8af4-4e52fb6f5977",
          "title": "clientnote",
          "fullFile": "",
          "file": "",
          "beforeHooks": [],
          "afterHooks": [],
          "tests": [
            {
              "title": " login",
              "fullTitle": "clientnote  login",
              "timedOut": null,
              "duration": 36673,
              "state": "passed",
              "speed": "slow",
              "pass": true,
              "fail": false,
              "pending": false,
              "context": null,
              "code": "cy.truflalogins();\ncy.clearCookie('authId');\n/* ==== End Cypress Studio ==== */",
              "err": {},
              "uuid": "8096f052-2ab8-4eed-bc38-0b77276589c6",
              "parentUUID": "a26d74d9-5587-45ea-8af4-4e52fb6f5977",
              "isHook": false,
              "skipped": false
            },
            {
              "title": " attach",
              "fullTitle": "clientnote  attach",
              "timedOut": null,
              "duration": 104934,
              "state": "passed",
              "speed": "slow",
              "pass": true,
              "fail": false,
              "pending": false,
              "context": null,
              "code": "const fileName = '20211113_092354.pdf';\ncy.visit(' https://bestinsurance.trumarket.dev/').then(() => {\n  // we are trying to return something\n  // from the .within callback,\n  // but it won't have any effect\n  cy.log('enter website ');\n});\ncy.wait(8000);\ncy.wait(8000);\n/* ==== End Cypress Studio ==== */\n/* ==== Generated with Cypress Studio ==== */\ncy.get('[href=\"/clients\"]').click();\ncy.wait(5000);\ncy.get(':nth-child(4) > :nth-child(1) > a > :nth-child(2)').click();\ncy.wait(5000);\ncy.get('#react-tabs-2').click();\ncy.wait(5000);\ncy.get(':nth-child(2) > :nth-child(1) > .attachments-header').invoke(\"css\", \"background-color\", \"red\");\ncy.wait(5000);\ncy.get('.tru-client-details-wrapper > :nth-child(1) > .ghost').screenshot();\ncy.wait(5000);\ncy.get('.right > .primary > span').click();\ncy.wait(5000);\ncy.get('.tru-text-input').clear();\ncy.wait(5000);\ncy.get('.tru-text-input').type('andrew');\ncy.wait(5000);\ncy.get('.upload').attachFile('20211113_092354.pdf', {\n  subjectType: 'drag-n-drop'\n});\ncy.wait(5000);\ncy.get('.ant-form-item-control-input-content > .primary').click();\ncy.wait(9000);\ncy.get(':nth-child(2) > :nth-child(1) > .attachments-header').invoke(\"css\", \"background-color\", \"red\");\ncy.wait(5000);\ncy.get('.tru-client-details-wrapper > :nth-child(1) > .ghost').screenshot();\n/* ==== End Cypress Studio ==== */",
              "err": {},
              "uuid": "3c00a06e-f189-45f6-b2e4-bc08a80c65af",
              "parentUUID": "a26d74d9-5587-45ea-8af4-4e52fb6f5977",
              "isHook": false,
              "skipped": false
            }
          ],
          "suites": [],
          "passes": [
            "8096f052-2ab8-4eed-bc38-0b77276589c6",
            "3c00a06e-f189-45f6-b2e4-bc08a80c65af"
          ],
          "failures": [],
          "pending": [],
          "skipped": [],
          "duration": 141607,
          "root": false,
          "rootEmpty": false,
          "_timeout": 2000
        }
      ],
      "passes": [],
      "failures": [],
      "pending": [],
      "skipped": [],
      "duration": 0,
      "root": true,
      "rootEmpty": true,
      "_timeout": 2000
    }
  ],
  "meta": {
    "mocha": {
      "version": "7.0.1"
    },
    "mochawesome": {
      "options": {
        "quiet": false,
        "reportFilename": "mochawesome",
        "saveHtml": false,
        "saveJson": true,
        "consoleReporter": "spec",
        "useInlineDiffs": false,
        "code": true
      },
      "version": "6.2.2"
    },
    "marge": {
      "options": {
        "overwrite": false,
        "html": false,
        "json": true
      },
      "version": "5.2.0"
    }
  }
}