{
  "stats": {
    "suites": 1,
    "tests": 1,
    "passes": 1,
    "pending": 0,
    "failures": 0,
    "start": "2021-10-27T13:45:18.409Z",
    "end": "2021-10-27T13:46:05.701Z",
    "duration": 47292,
    "testsRegistered": 1,
    "passPercent": 100,
    "pendingPercent": 0,
    "other": 0,
    "hasOther": false,
    "skipped": 0,
    "hasSkipped": false
  },
  "results": [
    {
      "uuid": "b4b1adbe-4d50-4140-97f2-72102e7d4ab5",
      "title": "",
      "fullFile": "cypress/integration/logintest.spec.js",
      "file": "cypress/integration/logintest.spec.js",
      "beforeHooks": [],
      "afterHooks": [],
      "tests": [],
      "suites": [
        {
          "uuid": "a6143af7-f802-40b0-ae50-cb42d494e814",
          "title": "logintotruemarket",
          "fullFile": "",
          "file": "",
          "beforeHooks": [],
          "afterHooks": [],
          "tests": [
            {
              "title": "validlogin",
              "fullTitle": "logintotruemarket validlogin",
              "timedOut": null,
              "duration": 45076,
              "state": "passed",
              "speed": "slow",
              "pass": true,
              "fail": false,
              "pending": false,
              "context": null,
              "code": "cy.visit(' https://bestinsurance.trumarket.dev/').then(() => {\n  // we are trying to return something\n  // from the .within callback,\n  // but it won't have any effect\n  cy.log('enter website ');\n});\ncy.wait(8000);\ncy.wait(8000);\ncy.get('#username').type('andrew.a@trufla.com').then(() => {\n  // we are trying to return something\n  // from the .within callback,\n  // but it won't have any effect\n  cy.log('enter user name ');\n});\ncy.wait(8000);\ncy.get('#password').type('01211782855A@a').then(() => {\n  // we are trying to return something\n  // from the .within callback,\n  // but it won't have any effect\n  cy.log('enter password ');\n});\ncy.wait(8000);\ncy.get('#kc-login').click().then(() => {\n  // we are trying to return something\n  // from the .within callback,\n  // but it won't have any effect\n  cy.log('press login ');\n});\ncy.wait(8000); //  cy.get('#zocial-marsh-okta-preview > span').click().then(() => {\n// we are trying to return something\n// from the .within callback,\n// but it won't have any effect\n// cy.log('march stage ')\n// })",
              "err": {},
              "uuid": "52218a64-4504-4e5d-8955-7368eb5997c6",
              "parentUUID": "a6143af7-f802-40b0-ae50-cb42d494e814",
              "isHook": false,
              "skipped": false
            }
          ],
          "suites": [],
          "passes": [
            "52218a64-4504-4e5d-8955-7368eb5997c6"
          ],
          "failures": [],
          "pending": [],
          "skipped": [],
          "duration": 45076,
          "root": false,
          "rootEmpty": false,
          "_timeout": 2000
        }
      ],
      "passes": [],
      "failures": [],
      "pending": [],
      "skipped": [],
      "duration": 0,
      "root": true,
      "rootEmpty": true,
      "_timeout": 2000
    }
  ],
  "meta": {
    "mocha": {
      "version": "7.0.1"
    },
    "mochawesome": {
      "options": {
        "quiet": false,
        "reportFilename": "mochawesome",
        "saveHtml": false,
        "saveJson": true,
        "consoleReporter": "spec",
        "useInlineDiffs": false,
        "code": true
      },
      "version": "6.2.2"
    },
    "marge": {
      "options": {
        "overwrite": false,
        "html": false,
        "json": true
      },
      "version": "5.2.0"
    }
  }
}