{
  "stats": {
    "suites": 1,
    "tests": 1,
    "passes": 1,
    "pending": 0,
    "failures": 0,
    "start": "2021-08-17T03:40:23.846Z",
    "end": "2021-08-17T03:44:49.271Z",
    "duration": 265425,
    "testsRegistered": 1,
    "passPercent": 100,
    "pendingPercent": 0,
    "other": 0,
    "hasOther": false,
    "skipped": 0,
    "hasSkipped": false
  },
  "results": [
    {
      "uuid": "e332e7a2-1483-4a59-9084-617d720b1f09",
      "title": "",
      "fullFile": "cypress/integration/inventory/inventoryinsert9.spec.js",
      "file": "cypress/integration/inventory/inventoryinsert9.spec.js",
      "beforeHooks": [],
      "afterHooks": [],
      "tests": [],
      "suites": [
        {
          "uuid": "f78d8f21-cc8d-45d6-aa45-f61b047833bc",
          "title": "inventory",
          "fullFile": "",
          "file": "",
          "beforeHooks": [],
          "afterHooks": [],
          "tests": [
            {
              "title": "inventoryinsertd",
              "fullTitle": "inventory inventoryinsertd",
              "timedOut": null,
              "duration": 262499,
              "state": "passed",
              "speed": "slow",
              "pass": true,
              "fail": false,
              "pending": false,
              "context": null,
              "code": "cy.login();\ncy.wait(8000);\n/* ==== Generated with Cypress Studio ==== */\ncy.get('.side-menu > :nth-child(4) > :nth-child(1)').click();\ncy.wait(8000);\ncy.get('.active > .nav > :nth-child(1) > a').click();\ncy.wait(8000);\ncy.get('[trxtypeid=\"22\"] > :nth-child(2) > .btn-info > .fa').click();\ncy.wait(8000);\ncy.get('.chkAllowPatchNumber > .switchery > .checktruepol').click();\ncy.wait(8000);\ncy.get('.modal-footer > .btn-info').click();\ncy.wait(8000);\ncy.get('.confirm').click();\ncy.wait(8000);\ncy.get('.side-menu > :nth-child(4) > :nth-child(1)').click();\ncy.wait(8000);\ncy.get('.active > .nav > :nth-child(15) > a').click();\ncy.wait(8000);\ncy.wait(8000);\ncy.wait(8000);\ncy.get('thead > tr > :nth-child(3) > .btn').click();\ncy.wait(8000);\ncy.get('#txtSupplierId').clear();\ncy.wait(8000);\ncy.get('#txtSupplierId').type('شركة يونيتد بيونات');\ncy.wait(8000);\ncy.get('.divSalesTypeName').click();\ncy.wait(8000);\ncy.get('.divStoreId > #txtStoreId').clear();\ncy.wait(8000);\ncy.get('.divStoreId > #txtStoreId').type('1 مخزن انتاج تام');\ncy.wait(8000);\ncy.get('.divSalesTypeName').click();\ncy.wait(8000);\ncy.get('#txtProductId').clear();\ncy.wait(8000);\ncy.get('#txtProductId').type('111001 premix phara ferro');\ncy.wait(8000);\ncy.get('.divSupplier').click();\ncy.wait(8000);\ncy.get('#txtTrxdate').click();\ncy.wait(8000);\ncy.get(':nth-child(3) > .active').click();\ncy.wait(8000);\ncy.get('.divSalesTypeName').click();\ncy.wait(8000);\ncy.get('.divPatchSerial > .form__label').click();\ncy.wait(8000);\ncy.get('#txtPatchSerial').clear();\ncy.get('#txtPatchSerial').type('404');\ncy.wait(8000);\ncy.get('.divSalesTypeName').click();\ncy.wait(8000);\ncy.get('#txtTrxNote').clear();\ncy.get('#txtTrxNote').type('andrew');\ncy.get('.divTrxNote').click();\ncy.wait(8000);\ncy.get('.divSalesTypeName').click();\ncy.wait(8000);\ncy.get(':nth-child(16) > .btn').click();\ncy.get('tbody > tr > :nth-child(2) > .col-md-12 > #txtItemId').clear();\ncy.get('tbody > tr > :nth-child(2) > .col-md-12 > #txtItemId').type('111001 premix phara ferro');\ncy.get('.divSupplier').click();\ncy.get('tbody > tr > :nth-child(3) > .col-md-12 > #txtUnitId').clear();\ncy.get('tbody > tr > :nth-child(3) > .col-md-12 > #txtUnitId').type('عدد');\ncy.get('.divSupplier').click();\ncy.get('tbody > tr > .tdQty > .col-md-12 > .form-control').clear();\ncy.get('tbody > tr > .tdQty > .col-md-12 > .form-control').type('300');\ncy.get('.divSupplier').click();\ncy.get('.divSupplier').click();\ncy.get('.btnSend').click();\ncy.get('.confirm').click();\n/* ==== End Cypress Studio ==== */",
              "err": {},
              "uuid": "8e09854d-7631-4a3f-9678-bc81f3f0bdf1",
              "parentUUID": "f78d8f21-cc8d-45d6-aa45-f61b047833bc",
              "isHook": false,
              "skipped": false
            }
          ],
          "suites": [],
          "passes": [
            "8e09854d-7631-4a3f-9678-bc81f3f0bdf1"
          ],
          "failures": [],
          "pending": [],
          "skipped": [],
          "duration": 262499,
          "root": false,
          "rootEmpty": false,
          "_timeout": 2000
        }
      ],
      "passes": [],
      "failures": [],
      "pending": [],
      "skipped": [],
      "duration": 0,
      "root": true,
      "rootEmpty": true,
      "_timeout": 2000
    }
  ],
  "meta": {
    "mocha": {
      "version": "7.0.1"
    },
    "mochawesome": {
      "options": {
        "quiet": false,
        "reportFilename": "mochawesome",
        "saveHtml": false,
        "saveJson": true,
        "consoleReporter": "spec",
        "useInlineDiffs": false,
        "code": true
      },
      "version": "6.2.2"
    },
    "marge": {
      "options": {
        "overwrite": false,
        "html": false,
        "json": true
      },
      "version": "5.2.0"
    }
  }
}