{
  "stats": {
    "suites": 1,
    "tests": 1,
    "passes": 1,
    "pending": 0,
    "failures": 0,
    "start": "2021-08-19T14:33:00.646Z",
    "end": "2021-08-19T14:35:10.750Z",
    "duration": 130104,
    "testsRegistered": 1,
    "passPercent": 100,
    "pendingPercent": 0,
    "other": 0,
    "hasOther": false,
    "skipped": 0,
    "hasSkipped": false
  },
  "results": [
    {
      "uuid": "d5eb4a16-8f0b-4e01-8dec-fe8d4c24527e",
      "title": "",
      "fullFile": "cypress/integration/inventory/gardsyara.spec.js",
      "file": "cypress/integration/inventory/gardsyara.spec.js",
      "beforeHooks": [],
      "afterHooks": [],
      "tests": [],
      "suites": [
        {
          "uuid": "6024e282-c395-4247-a8b0-abf01cc5e90c",
          "title": "inventory",
          "fullFile": "",
          "file": "",
          "beforeHooks": [],
          "afterHooks": [],
          "tests": [
            {
              "title": "inventoryinsertd",
              "fullTitle": "inventory inventoryinsertd",
              "timedOut": null,
              "duration": 126696,
              "state": "passed",
              "speed": "slow",
              "pass": true,
              "fail": false,
              "pending": false,
              "context": null,
              "code": "cy.login();\ncy.get('.side-menu > :nth-child(4) > :nth-child(1)').click();\ncy.wait(5000);\ncy.get('.active > .nav > :nth-child(26) > a').scrollIntoView();\ncy.get('.active > .nav > :nth-child(26) > a').click();\ncy.wait(7000);\ncy.wait(7000);\ncy.wait(7000);\ncy.wait(7000);\ncy.wait(7000);\ncy.wait(7000);\ncy.wait(7000);\ncy.wait(7000);\ncy.wait(7000);\ncy.wait(7000);\ncy.wait(7000);\ncy.wait(7000);\ncy.wait(7000);\ncy.wait(7000);",
              "err": {},
              "uuid": "62394b73-abb8-481b-bcd2-d38b9b7731a1",
              "parentUUID": "6024e282-c395-4247-a8b0-abf01cc5e90c",
              "isHook": false,
              "skipped": false
            }
          ],
          "suites": [],
          "passes": [
            "62394b73-abb8-481b-bcd2-d38b9b7731a1"
          ],
          "failures": [],
          "pending": [],
          "skipped": [],
          "duration": 126696,
          "root": false,
          "rootEmpty": false,
          "_timeout": 2000
        }
      ],
      "passes": [],
      "failures": [],
      "pending": [],
      "skipped": [],
      "duration": 0,
      "root": true,
      "rootEmpty": true,
      "_timeout": 2000
    }
  ],
  "meta": {
    "mocha": {
      "version": "7.0.1"
    },
    "mochawesome": {
      "options": {
        "quiet": false,
        "reportFilename": "mochawesome",
        "saveHtml": false,
        "saveJson": true,
        "consoleReporter": "spec",
        "useInlineDiffs": false,
        "code": true
      },
      "version": "6.2.2"
    },
    "marge": {
      "options": {
        "overwrite": false,
        "html": false,
        "json": true
      },
      "version": "5.2.0"
    }
  }
}