{
  "stats": {
    "suites": 1,
    "tests": 1,
    "passes": 1,
    "pending": 0,
    "failures": 0,
    "start": "2021-08-11T10:38:26.134Z",
    "end": "2021-08-11T10:40:18.207Z",
    "duration": 112073,
    "testsRegistered": 1,
    "passPercent": 100,
    "pendingPercent": 0,
    "other": 0,
    "hasOther": false,
    "skipped": 0,
    "hasSkipped": false
  },
  "results": [
    {
      "uuid": "3aad8dae-c262-4013-8016-2204dec22553",
      "title": "",
      "fullFile": "cypress/integration/task/task1.spec.js",
      "file": "cypress/integration/task/task1.spec.js",
      "beforeHooks": [],
      "afterHooks": [],
      "tests": [],
      "suites": [
        {
          "uuid": "18dca793-2b36-4536-938a-ae7bc947e562",
          "title": "tsk",
          "fullFile": "",
          "file": "",
          "beforeHooks": [],
          "afterHooks": [],
          "tests": [
            {
              "title": "task1",
              "fullTitle": "tsk task1",
              "timedOut": null,
              "duration": 108259,
              "state": "passed",
              "speed": "slow",
              "pass": true,
              "fail": false,
              "pending": false,
              "context": null,
              "code": "cy.visit('https://iso.digitaltransformationinstitute.org:8101/pages/organization/edit/9534d4d1-b9a5-2d68-053d-39fe135b168e');\ncy.wait(8000);\ncy.get('#LoginInput_UserNameOrEmailAddress').type('awahbah');\ncy.wait(5000);\ncy.get('#LoginInput_Password').type('P@ssw0rdRMG');\ncy.wait(5000);\ncy.get('.btn-primary').click();\ncy.wait(8000);\ncy.visit('https://iso.digitaltransformationinstitute.org:8101/pages/organization/edit/9534d4d1-b9a5-2d68-053d-39fe135b168e');\ncy.get('.slider').click();\ncy.wait(8000);\ncy.xpath('/html/body/app-root/ngx-pages/ngx-sample-layout/nb-layout/div/div/div/div/div/nb-layout-column/ngx-components/app-department-info/nb-card/nb-card-body/form/div[2]/div[2]/div/nb-select/button').click();\ncy.wait(8000);\ncy.xpath('//*[@id=\"nb-option-3\"]').click();\ncy.wait(8000);\ncy.xpath('/html/body/app-root/ngx-pages/ngx-sample-layout/nb-layout/div[1]/div/div/div/div/nb-layout-column/ngx-components/app-department-info/nb-card/nb-card-body/form/div[3]/div[2]/div/nb-select/button').click();\ncy.wait(8000);\ncy.xpath('//*[@id=\"nb-option-16\"]').click();\ncy.wait(8000);\ncy.xpath('/html/body/app-root/ngx-pages/ngx-sample-layout/nb-layout/div[1]/div/div/div/div/nb-layout-column/ngx-components/app-department-info/nb-card/nb-card-body/form/div[4]/div[2]/div/nb-select/button').click();\ncy.wait(8000);\ncy.xpath('//*[@id=\"nb-option-19\"]').click();\ncy.wait(8000);\ncy.xpath('/html/body/app-root/ngx-pages/ngx-sample-layout/nb-layout/div[1]/div/div/div/div/nb-layout-column/ngx-components/app-department-info/nb-card/nb-card-body/form/div[6]/div/button[2]').click();\ncy.wait(8000);",
              "err": {},
              "uuid": "8efef62c-506b-4ef0-bca4-cef8fc394ba1",
              "parentUUID": "18dca793-2b36-4536-938a-ae7bc947e562",
              "isHook": false,
              "skipped": false
            }
          ],
          "suites": [],
          "passes": [
            "8efef62c-506b-4ef0-bca4-cef8fc394ba1"
          ],
          "failures": [],
          "pending": [],
          "skipped": [],
          "duration": 108259,
          "root": false,
          "rootEmpty": false,
          "_timeout": 2000
        }
      ],
      "passes": [],
      "failures": [],
      "pending": [],
      "skipped": [],
      "duration": 0,
      "root": true,
      "rootEmpty": true,
      "_timeout": 2000
    }
  ],
  "meta": {
    "mocha": {
      "version": "7.0.1"
    },
    "mochawesome": {
      "options": {
        "quiet": false,
        "reportFilename": "mochawesome",
        "saveHtml": false,
        "saveJson": true,
        "consoleReporter": "spec",
        "useInlineDiffs": false,
        "code": true
      },
      "version": "6.2.2"
    },
    "marge": {
      "options": {
        "overwrite": false,
        "html": false,
        "json": true
      },
      "version": "5.2.0"
    }
  }
}