{
  "stats": {
    "suites": 1,
    "tests": 1,
    "passes": 1,
    "pending": 0,
    "failures": 0,
    "start": "2021-08-17T09:15:39.393Z",
    "end": "2021-08-17T09:23:32.930Z",
    "duration": 473537,
    "testsRegistered": 1,
    "passPercent": 100,
    "pendingPercent": 0,
    "other": 0,
    "hasOther": false,
    "skipped": 0,
    "hasSkipped": false
  },
  "results": [
    {
      "uuid": "8e99cf1a-d53e-4309-ba4b-7d0fb0c27978",
      "title": "",
      "fullFile": "cypress/integration/inventory/inventoryinsert4.spec.js",
      "file": "cypress/integration/inventory/inventoryinsert4.spec.js",
      "beforeHooks": [],
      "afterHooks": [],
      "tests": [],
      "suites": [
        {
          "uuid": "72010b70-bc8b-4d2a-9f84-b0c006375a3c",
          "title": "inventory",
          "fullFile": "",
          "file": "",
          "beforeHooks": [],
          "afterHooks": [],
          "tests": [
            {
              "title": "inventoryinsertcupdate",
              "fullTitle": "inventory inventoryinsertcupdate",
              "timedOut": null,
              "duration": 470923,
              "state": "passed",
              "speed": "slow",
              "pass": true,
              "fail": false,
              "pending": false,
              "context": null,
              "code": "cy.login();\ncy.get('.side-menu > :nth-child(3) > :nth-child(1)').click();\ncy.wait(5000);\n/* ==== Generated with Cypress Studio ==== */\ncy.get('.active > :nth-child(1) > .fa-chevron-down').click();\ncy.wait(8000);\ncy.get('.side-menu > :nth-child(4) > :nth-child(1)').click();\ncy.wait(8000);\ncy.get('.active > .nav > :nth-child(1) > a').click();\ncy.wait(8000);\ncy.get('[trxtypeid=\"16\"] > :nth-child(2) > .btn-info > .fa').click();\ncy.wait(8000);\ncy.get('.chkAllowMultiStore > .switchery > .checktruepol').click();\ncy.wait(8000);\ncy.get('.modal-footer > .btn-info').click();\ncy.wait(8000);\ncy.get('.confirm').click();\ncy.wait(8000);\ncy.get('.side-menu > :nth-child(4) > :nth-child(1)').click();\ncy.wait(8000);\ncy.get('.active > .nav > :nth-child(9) > a').click();\ncy.wait(8000);\ncy.wait(8000);\ncy.get('thead > tr > :nth-child(3) > .btn').click();\ncy.wait(8000);\n/* ==== End Cypress Studio ==== */\n/* ==== Generated with Cypress Studio ==== */\ncy.get('#txtSupplierId').click();\ncy.wait(8000);\ncy.get('#txtSupplierId').clear();\ncy.wait(8000);\ncy.get('#txtSupplierId').type('شركة نيرول');\ncy.wait(8000);\ncy.get('.divSalesTypeName').click();\ncy.wait(8000);\ncy.get('.divStoreId > #txtStoreId').clear();\ncy.wait(8000);\ncy.get('.divStoreId > #txtStoreId').type('1 مخزن انتاج تام');\ncy.wait(8000);\ncy.get('#formDataid').click();\ncy.wait(8000);\ncy.get('#txtProductId').clear();\ncy.wait(8000);\ncy.get('#txtProductId').type('111001 premix phara ferro');\ncy.wait(8000);\ncy.get('#formDataid').click();\ncy.wait(8000);\ncy.get('#txtTrxdate').click();\ncy.wait(8000);\ncy.get(':nth-child(3) > .active').click();\ncy.wait(8000);\ncy.get('.divSalesTypeName').click();\ncy.wait(8000);\ncy.get('#txtPatchSerial').clear();\ncy.wait(8000);\ncy.get('#txtPatchSerial').type('400');\ncy.wait(8000);\ncy.get('.divSalesTypeName').click();\ncy.wait(8000);\ncy.get('.divTrxNote > .form__label').click();\ncy.wait(8000);\ncy.get('#txtTrxNote').clear();\ncy.wait(8000);\ncy.get('#txtTrxNote').type('and');\ncy.wait(8000);\ncy.get('#formDataid').click();\ncy.wait(8000);\ncy.get(':nth-child(16) > .btn').click();\ncy.wait(8000);\ncy.get('tbody > tr > :nth-child(2) > .col-md-12 > #txtItemId').clear();\ncy.wait(8000);\ncy.get('tbody > tr > :nth-child(2) > .col-md-12 > #txtItemId').type('111001 premix phara ferro');\ncy.wait(8000);\ncy.get('.divSupplier').click();\ncy.wait(8000);\ncy.get('tbody > tr > :nth-child(3) > .col-md-12 > #txtUnitId').clear();\ncy.wait(8000);\ncy.get('tbody > tr > :nth-child(3) > .col-md-12 > #txtUnitId').type('عدد');\ncy.wait(8000);\ncy.get('.divSupplier').click();\ncy.wait(8000);\ncy.get('tbody > tr > .tdPatchNumber > .col-md-12 > .form-control').clear();\ncy.wait(8000);\ncy.get('tbody > tr > .tdPatchNumber > .col-md-12 > .form-control').type('500');\ncy.wait(8000);\ncy.get('.divSalesTypeName').click();\ncy.wait(8000);\ncy.get('tbody > tr > .tdExpireDate > .col-md-12 > .form-control').click();\ncy.wait(8000);\ncy.get(':nth-child(3) > .active').click();\ncy.wait(8000);\ncy.get('tbody > tr > .tdProductionDate > .col-md-12 > .form-control').click();\ncy.wait(8000);\ncy.get('[data-day=\"08/18/2021\"]').click();\ncy.wait(8000);\ncy.get('tbody > tr > .tdQty > .col-md-12 > .form-control').clear();\ncy.wait(8000);\ncy.get('tbody > tr > .tdQty > .col-md-12 > .form-control').type('600');\ncy.wait(8000);\ncy.get('tbody > tr > .tdPrice > .col-md-12 > .form-control').clear();\ncy.wait(8000);\ncy.get('tbody > tr > .tdPrice > .col-md-12 > .form-control').type('600');\ncy.wait(8000);\ncy.get('tbody > tr > .tdNotes > .col-md-12 > .form-control').click();\ncy.wait(8000);\ncy.get(':nth-child(16) > .btn').click();\ncy.wait(8000);\ncy.get(':nth-child(2) > .buttonEnable > .btn-danger > .fa').click();\ncy.wait(8000);\ncy.get('.btnSend').click();\ncy.wait(8000);\ncy.get('.confirm').click();\ncy.wait(8000);\n/* ==== End Cypress Studio ==== */",
              "err": {},
              "uuid": "ac9b4a72-86a5-4c47-bf89-bf7400527571",
              "parentUUID": "72010b70-bc8b-4d2a-9f84-b0c006375a3c",
              "isHook": false,
              "skipped": false
            }
          ],
          "suites": [],
          "passes": [
            "ac9b4a72-86a5-4c47-bf89-bf7400527571"
          ],
          "failures": [],
          "pending": [],
          "skipped": [],
          "duration": 470923,
          "root": false,
          "rootEmpty": false,
          "_timeout": 2000
        }
      ],
      "passes": [],
      "failures": [],
      "pending": [],
      "skipped": [],
      "duration": 0,
      "root": true,
      "rootEmpty": true,
      "_timeout": 2000
    }
  ],
  "meta": {
    "mocha": {
      "version": "7.0.1"
    },
    "mochawesome": {
      "options": {
        "quiet": false,
        "reportFilename": "mochawesome",
        "saveHtml": false,
        "saveJson": true,
        "consoleReporter": "spec",
        "useInlineDiffs": false,
        "code": true
      },
      "version": "6.2.2"
    },
    "marge": {
      "options": {
        "overwrite": false,
        "html": false,
        "json": true
      },
      "version": "5.2.0"
    }
  }
}