{
  "stats": {
    "suites": 1,
    "tests": 1,
    "passes": 0,
    "pending": 0,
    "failures": 1,
    "start": "2021-08-10T21:17:55.392Z",
    "end": "2021-08-10T21:18:30.540Z",
    "duration": 35148,
    "testsRegistered": 1,
    "passPercent": 0,
    "pendingPercent": 0,
    "other": 0,
    "hasOther": false,
    "skipped": 0,
    "hasSkipped": false
  },
  "results": [
    {
      "uuid": "0702859e-3b75-4802-9f74-5e861e15af8e",
      "title": "",
      "fullFile": "cypress/integration/inventory/inventoryinsert1.spec.js",
      "file": "cypress/integration/inventory/inventoryinsert1.spec.js",
      "beforeHooks": [],
      "afterHooks": [],
      "tests": [],
      "suites": [
        {
          "uuid": "653c3ef8-a5f4-4345-9d00-e9b91acbeed7",
          "title": "inventory",
          "fullFile": "",
          "file": "",
          "beforeHooks": [],
          "afterHooks": [],
          "tests": [
            {
              "title": "inventoryeditupdate",
              "fullTitle": "inventory inventoryeditupdate",
              "timedOut": null,
              "duration": 32497,
              "state": "failed",
              "speed": null,
              "pass": false,
              "fail": true,
              "pending": false,
              "context": null,
              "code": "cy.login();\ncy.get('.side-menu > :nth-child(3) > :nth-child(1)').click();\ncy.wait(5000);\n/* ==== Generated with Cypress Studio ==== */\ncy.get('.active > .nav > :nth-child(14) > a').click();\ncy.get(':nth-child(3) > .btn-info > .fa').click();\ncy.get(':nth-child(16) > .btn').click();\ncy.get('tbody > tr > :nth-child(1) > .col-md-12 > #txtStoreId').clear();\ncy.get('tbody > tr > :nth-child(1) > .col-md-12 > #txtStoreId').type('مخزن ادارة عليا');\ncy.get('tbody > tr > :nth-child(1) > .col-md-12 > #txtStoreId').click();\ncy.get('tbody > tr > :nth-child(1) > .col-md-12 > #txtStoreId').click();\ncy.get('tbody > tr > :nth-child(1) > .col-md-12 > #txtStoreId').click();\ncy.get('tbody > tr > :nth-child(1) > .col-md-12 > #txtStoreId').clear();\ncy.get('tbody > tr > :nth-child(1) > .col-md-12 > #txtStoreId').type('مخزن انتاج تام');\ncy.get('tbody > tr > :nth-child(2) > .col-md-12 > #txtItemId').clear();\ncy.get('tbody > tr > :nth-child(2) > .col-md-12 > #txtItemId').type('100006 ميزان حساسية 100 كيلو');\ncy.get('tbody > tr > :nth-child(3) > .col-md-12 > #txtUnitId').clear();\ncy.get('tbody > tr > :nth-child(3) > .col-md-12 > #txtUnitId').type('عدد.');\ncy.get('tbody > tr > .tdAllQty > .col-md-12 > .form-control').clear();\ncy.get('tbody > tr > .tdAllQty > .col-md-12 > .form-control').type('10');\ncy.get('tbody > tr > .tdQty > .col-md-12 > .form-control').clear();\ncy.get('tbody > tr > .tdQty > .col-md-12 > .form-control').type('1');\ncy.get('tbody > tr > .tdPrice > .col-md-12 > .form-control').clear();\ncy.get('tbody > tr > .tdPrice > .col-md-12 > .form-control').type('1');\ncy.get('tbody > tr > .tdNotes > .col-md-12 > .form-control').click();\ncy.get('.btnSend').click();\ncy.get('.confirm').click();\ncy.get(':nth-child(3) > .btn-info > .fa').click();\n/* ==== End Cypress Studio ==== */",
              "err": {
                "message": "CypressError: Timed out retrying after 4000ms: `cy.type()` failed because this element:\n\n          `<input list=\"listInventoryDetailsStoreId\" type=\"search\" class=\"form-control\" id=\"txtStoreId\" style=\"width:200px !important\" autocomplete=\"off\">`\n\n          has CSS `pointer-events: none`, inherited from this element:\n\n`<tr class=\"buttonDisabled\">...</tr>`\n\n          `pointer-events: none` prevents user mouse interaction.\n\n          Fix this problem, or use {force: true} to disable error checking.\n\nhttps://on.cypress.io/element-cannot-be-interacted-with",
                "estack": "CypressError: Timed out retrying after 4000ms: `cy.type()` failed because this element:\n\n          `<input list=\"listInventoryDetailsStoreId\" type=\"search\" class=\"form-control\" id=\"txtStoreId\" style=\"width:200px !important\" autocomplete=\"off\">`\n\n          has CSS `pointer-events: none`, inherited from this element:\n\n`<tr class=\"buttonDisabled\">...</tr>`\n\n          `pointer-events: none` prevents user mouse interaction.\n\n          Fix this problem, or use {force: true} to disable error checking.\n\nhttps://on.cypress.io/element-cannot-be-interacted-with\n    at $Cy.ensureElDoesNotHaveCSS (http://printcheq.devartlabcrm.com/__cypress/runner/cypress_runner.js:148535:24)\n    at ensureDescendents (http://printcheq.devartlabcrm.com/__cypress/runner/cypress_runner.js:135784:8)\n    at ensureDescendentsAndScroll (http://printcheq.devartlabcrm.com/__cypress/runner/cypress_runner.js:135793:14)\n    at ensureElIsNotCovered (http://printcheq.devartlabcrm.com/__cypress/runner/cypress_runner.js:135927:5)\n    at runAllChecks (http://printcheq.devartlabcrm.com/__cypress/runner/cypress_runner.js:136114:52)\n    at retryActionability (http://printcheq.devartlabcrm.com/__cypress/runner/cypress_runner.js:136137:16)\n    at tryCatcher (http://printcheq.devartlabcrm.com/__cypress/runner/cypress_runner.js:13212:23)\n    at Function.Promise.attempt.Promise.try (http://printcheq.devartlabcrm.com/__cypress/runner/cypress_runner.js:10486:29)\n    at tryFn (http://printcheq.devartlabcrm.com/__cypress/runner/cypress_runner.js:153198:21)\n    at whenStable (http://printcheq.devartlabcrm.com/__cypress/runner/cypress_runner.js:153236:12)\n    at http://printcheq.devartlabcrm.com/__cypress/runner/cypress_runner.js:152728:16\n    at tryCatcher (http://printcheq.devartlabcrm.com/__cypress/runner/cypress_runner.js:13212:23)\n    at Promise._settlePromiseFromHandler (http://printcheq.devartlabcrm.com/__cypress/runner/cypress_runner.js:11147:31)\n    at Promise._settlePromise (http://printcheq.devartlabcrm.com/__cypress/runner/cypress_runner.js:11204:18)\n    at Promise._settlePromise0 (http://printcheq.devartlabcrm.com/__cypress/runner/cypress_runner.js:11249:10)\n    at Promise._settlePromises (http://printcheq.devartlabcrm.com/__cypress/runner/cypress_runner.js:11329:18)\nFrom Your Spec Code:\n    at Context.eval (http://printcheq.devartlabcrm.com/__cypress/tests?p=cypress\\integration\\inventory\\inventoryinsert1.spec.js:285:69)",
                "diff": null
              },
              "uuid": "95beee33-121a-41f0-9b77-99fed57342db",
              "parentUUID": "653c3ef8-a5f4-4345-9d00-e9b91acbeed7",
              "isHook": false,
              "skipped": false
            }
          ],
          "suites": [],
          "passes": [],
          "failures": [
            "95beee33-121a-41f0-9b77-99fed57342db"
          ],
          "pending": [],
          "skipped": [],
          "duration": 32497,
          "root": false,
          "rootEmpty": false,
          "_timeout": 2000
        }
      ],
      "passes": [],
      "failures": [],
      "pending": [],
      "skipped": [],
      "duration": 0,
      "root": true,
      "rootEmpty": true,
      "_timeout": 2000
    }
  ],
  "meta": {
    "mocha": {
      "version": "7.0.1"
    },
    "mochawesome": {
      "options": {
        "quiet": false,
        "reportFilename": "mochawesome",
        "saveHtml": false,
        "saveJson": true,
        "consoleReporter": "spec",
        "useInlineDiffs": false,
        "code": true
      },
      "version": "6.2.2"
    },
    "marge": {
      "options": {
        "overwrite": false,
        "html": false,
        "json": true
      },
      "version": "5.2.0"
    }
  }
}