{
  "stats": {
    "suites": 1,
    "tests": 2,
    "passes": 2,
    "pending": 0,
    "failures": 0,
    "start": "2021-12-20T14:58:40.693Z",
    "end": "2021-12-20T14:59:44.177Z",
    "duration": 63484,
    "testsRegistered": 2,
    "passPercent": 100,
    "pendingPercent": 0,
    "other": 0,
    "hasOther": false,
    "skipped": 0,
    "hasSkipped": false
  },
  "results": [
    {
      "uuid": "8c3e9d4e-85e8-42e7-94d4-cf0a21005c6a",
      "title": "",
      "fullFile": "cypress/integration/uicompatability.spec.js",
      "file": "cypress/integration/uicompatability.spec.js",
      "beforeHooks": [],
      "afterHooks": [],
      "tests": [],
      "suites": [
        {
          "uuid": "3290bced-292d-49c8-a4e4-3a24b31d5fc0",
          "title": "login",
          "fullFile": "",
          "file": "",
          "beforeHooks": [],
          "afterHooks": [],
          "tests": [
            {
              "title": " login",
              "fullTitle": "login  login",
              "timedOut": null,
              "duration": 39155,
              "state": "passed",
              "speed": "slow",
              "pass": true,
              "fail": false,
              "pending": false,
              "context": null,
              "code": "cy.truflalogins();\ncy.clearCookie('authId');\n/* ==== End Cypress Studio ==== */",
              "err": {},
              "uuid": "ec34a6e6-5bc6-47c4-9456-7d2f6f14e075",
              "parentUUID": "3290bced-292d-49c8-a4e4-3a24b31d5fc0",
              "isHook": false,
              "skipped": false
            },
            {
              "title": "iosissue",
              "fullTitle": "login iosissue",
              "timedOut": null,
              "duration": 21526,
              "state": "passed",
              "speed": "slow",
              "pass": true,
              "fail": false,
              "pending": false,
              "context": null,
              "code": "cy.viewport('ipad-mini');\ncy.visit(' https://bestinsurance.trumarket.dev/').then(() => {\n  // we are trying to return something\n  // from the .within callback,\n  // but it won't have any effect\n  cy.log('enter website ');\n});\ncy.wait(5000);\ncy.get('[href=\"/clients\"]').click();\ncy.wait(5000);\ncy.get(':nth-child(4) > :nth-child(1) > a > :nth-child(2)').click();\ncy.wait(5000);\ncy.get('#react-tabs-2').click();\ncy.wait(5000);\ncy.get('.right > .primary').click();\n/* ==== End Cypress Studio ==== */",
              "err": {},
              "uuid": "2d987bbc-b9c3-440e-9307-c5e4ccb06b76",
              "parentUUID": "3290bced-292d-49c8-a4e4-3a24b31d5fc0",
              "isHook": false,
              "skipped": false
            }
          ],
          "suites": [],
          "passes": [
            "ec34a6e6-5bc6-47c4-9456-7d2f6f14e075",
            "2d987bbc-b9c3-440e-9307-c5e4ccb06b76"
          ],
          "failures": [],
          "pending": [],
          "skipped": [],
          "duration": 60681,
          "root": false,
          "rootEmpty": false,
          "_timeout": 2000
        }
      ],
      "passes": [],
      "failures": [],
      "pending": [],
      "skipped": [],
      "duration": 0,
      "root": true,
      "rootEmpty": true,
      "_timeout": 2000
    }
  ],
  "meta": {
    "mocha": {
      "version": "7.0.1"
    },
    "mochawesome": {
      "options": {
        "quiet": false,
        "reportFilename": "mochawesome",
        "saveHtml": false,
        "saveJson": true,
        "consoleReporter": "spec",
        "useInlineDiffs": false,
        "code": true
      },
      "version": "6.2.2"
    },
    "marge": {
      "options": {
        "overwrite": false,
        "html": false,
        "json": true
      },
      "version": "5.2.0"
    }
  }
}