{
  "stats": {
    "suites": 1,
    "tests": 2,
    "passes": 1,
    "pending": 0,
    "failures": 1,
    "start": "2021-11-30T16:51:07.928Z",
    "end": "2021-11-30T16:52:08.280Z",
    "duration": 60352,
    "testsRegistered": 2,
    "passPercent": 50,
    "pendingPercent": 0,
    "other": 0,
    "hasOther": false,
    "skipped": 0,
    "hasSkipped": false
  },
  "results": [
    {
      "uuid": "bf515258-3250-4403-9c4e-d80e61613667",
      "title": "",
      "fullFile": "cypress/integration/purchasebugs.spec.js",
      "file": "cypress/integration/purchasebugs.spec.js",
      "beforeHooks": [],
      "afterHooks": [],
      "tests": [],
      "suites": [
        {
          "uuid": "1d7727c0-4bb3-4732-8868-9dd5400e185a",
          "title": "login",
          "fullFile": "",
          "file": "",
          "beforeHooks": [],
          "afterHooks": [],
          "tests": [
            {
              "title": " login",
              "fullTitle": "login  login",
              "timedOut": null,
              "duration": 36562,
              "state": "passed",
              "speed": "slow",
              "pass": true,
              "fail": false,
              "pending": false,
              "context": null,
              "code": "cy.truflalogins();\ncy.clearCookie('authId');\n/* ==== End Cypress Studio ==== */",
              "err": {},
              "uuid": "6c3a331b-0a8a-45d2-912b-2b8823c30d5c",
              "parentUUID": "1d7727c0-4bb3-4732-8868-9dd5400e185a",
              "isHook": false,
              "skipped": false
            },
            {
              "title": "purchase date",
              "fullTitle": "login purchase date",
              "timedOut": null,
              "duration": 21384,
              "state": "failed",
              "speed": null,
              "pass": false,
              "fail": true,
              "pending": false,
              "context": null,
              "code": "cy.visit(' https://bestinsurance.trumarket.dev/').then(() => {\n  // we are trying to return something\n  // from the .within callback,\n  // but it won't have any effect\n  cy.log('enter website ');\n});\ncy.wait(8000);\ncy.wait(8000);\n/* ==== Generated with Cypress Studio ==== */\n/* ==== End Cypress Studio ==== */\n/* ==== Generated with Cypress Studio ==== */\ncy.get(':nth-child(2) > .cell-content > .list-filter > .filter-icon > .tru-icon').click();\ncy.wait(5000);\ncy.get('[data-title=\"Others\"] > .tru-form-item > .custom-checkbox > .tru-boolean-input').check();\ncy.wait(5000);\ncy.get('.tru-list-footer > .tru-form-item').click();\ncy.wait(5000);\ncy.get(':nth-child(2) > :nth-child(1) > a').click();\ncy.wait(5000);\ncy.get(':nth-child(2) > .quote-actions > .tru-layout-quote-actions > .tru-button > span').click();\ncy.wait(5000);\ncy.get('.tru-number-input').clear();\ncy.wait(5000);\ncy.get('.tru-number-input').type('100');\ncy.wait(5000);\ncy.get(':nth-child(4) > .tru-form-item > :nth-child(1)').click({\n  force: true\n});\ncy.wait(5000);\ncy.get(':nth-child(2) > .tru-form-item > .tru-column > .tru-date-picker > .react-datepicker-wrapper > .react-datepicker__input-container > input').click();\ncy.wait(5000);\ncy.get('.react-datepicker__day--030').click();\ncy.wait(5000);\ncy.get(':nth-child(2) > .tru-form-item > .tru-column > .tru-date-picker > .react-datepicker-wrapper > .react-datepicker__input-container > input').click();\ncy.wait(5000);\ncy.get(':nth-child(3) > .tru-form-item > label').click({\n  force: true\n});\ncy.get(':nth-child(4) > .tru-form-item > .tru-column > .tru-date-picker > .react-datepicker-wrapper > .react-datepicker__input-container > input').click();\ncy.wait(5000);\ncy.get(':nth-child(5) > .react-datepicker__day--002').click();\ncy.wait(5000);\ncy.get(':nth-child(4) > .tru-form-item > .tru-column > .tru-date-picker > .react-datepicker-wrapper > .react-datepicker__input-container > input').click();\ncy.wait(5000);\ncy.get('.purchase-controls').click({\n  force: true\n});\ncy.wait(5000);\ncy.get(':nth-child(5) > .tru-form-item > .tru-column > .tru-text-input').clear();\ncy.wait(5000);\ncy.get(':nth-child(5) > .tru-form-item > .tru-column > .tru-text-input').type('andrewamin878@gmail.com');\ncy.wait(5000);\ncy.get('.purchase-controls').invoke(\"css\", \"background-color\", \"red\");\ncy.wait(5000);\ncy.get('.purchase-controls').screenshot();\ncy.wait(5000);\ncy.get('.purchase-controls > .primary').click({\n  force: true\n});\ncy.wait(8000);\ncy.wait(8000);\n/* ==== End Cypress Studio ==== */",
              "err": {
                "message": "AssertionError: Timed out retrying after 4000ms: Expected to find element: `:nth-child(2) > .cell-content > .list-filter > .filter-icon > .tru-icon`, but never found it.",
                "estack": "AssertionError: Timed out retrying after 4000ms: Expected to find element: `:nth-child(2) > .cell-content > .list-filter > .filter-icon > .tru-icon`, but never found it.\n    at Context.eval (https://bestinsurance.trumarket.dev/__cypress/tests?p=cypress\\integration\\purchasebugs.spec.js:121:8)",
                "diff": null
              },
              "uuid": "9dcf7972-5ef9-477e-a1d4-197c08611463",
              "parentUUID": "1d7727c0-4bb3-4732-8868-9dd5400e185a",
              "isHook": false,
              "skipped": false
            }
          ],
          "suites": [],
          "passes": [
            "6c3a331b-0a8a-45d2-912b-2b8823c30d5c"
          ],
          "failures": [
            "9dcf7972-5ef9-477e-a1d4-197c08611463"
          ],
          "pending": [],
          "skipped": [],
          "duration": 57946,
          "root": false,
          "rootEmpty": false,
          "_timeout": 2000
        }
      ],
      "passes": [],
      "failures": [],
      "pending": [],
      "skipped": [],
      "duration": 0,
      "root": true,
      "rootEmpty": true,
      "_timeout": 2000
    }
  ],
  "meta": {
    "mocha": {
      "version": "7.0.1"
    },
    "mochawesome": {
      "options": {
        "quiet": false,
        "reportFilename": "mochawesome",
        "saveHtml": false,
        "saveJson": true,
        "consoleReporter": "spec",
        "useInlineDiffs": false,
        "code": true
      },
      "version": "6.2.2"
    },
    "marge": {
      "options": {
        "overwrite": false,
        "html": false,
        "json": true
      },
      "version": "5.2.0"
    }
  }
}