{
  "stats": {
    "suites": 1,
    "tests": 1,
    "passes": 1,
    "pending": 0,
    "failures": 0,
    "start": "2021-08-10T17:02:37.215Z",
    "end": "2021-08-10T17:05:21.665Z",
    "duration": 164450,
    "testsRegistered": 1,
    "passPercent": 100,
    "pendingPercent": 0,
    "other": 0,
    "hasOther": false,
    "skipped": 0,
    "hasSkipped": false
  },
  "results": [
    {
      "uuid": "61ac668d-b8f7-4d43-8b5d-fe6ab4626e55",
      "title": "",
      "fullFile": "cypress/integration/inventory/businesslogicscenario.spec.js",
      "file": "cypress/integration/inventory/businesslogicscenario.spec.js",
      "beforeHooks": [],
      "afterHooks": [],
      "tests": [],
      "suites": [
        {
          "uuid": "029e3b5d-2167-4323-a633-c8ca95adb7ab",
          "title": "inventory",
          "fullFile": "",
          "file": "",
          "beforeHooks": [],
          "afterHooks": [],
          "tests": [
            {
              "title": "requestamany",
              "fullTitle": "inventory requestamany",
              "timedOut": null,
              "duration": 161423,
              "state": "passed",
              "speed": "slow",
              "pass": true,
              "fail": false,
              "pending": false,
              "context": null,
              "code": "cy.login();\ncy.wait(5000);\ncy.get('.side-menu > :nth-child(3) > :nth-child(1)').click();\ncy.wait(5000);\ncy.get('.active > .nav > :nth-child(2) > a').click();\ncy.wait(8000);\ncy.wait(8000);\ncy.get('.chkCheckRow > .switchery > .checkfalsepol').click();\ncy.wait(8000);\ncy.get('.icon-popout-center').click();\ncy.wait(8000);\ncy.get('.aInventory > a > span').click();\ncy.wait(8000);\n/* ==== Generated with Cypress Studio ==== */\ncy.get('.divTrxdate > .form__label').click();\ncy.wait(8000);\ncy.get('#txtTrxdate').click();\ncy.wait(8000);\ncy.get(':nth-child(2) > .active').click();\ncy.wait(8000);\ncy.get('.divStoreId > #txtStoreId').clear();\ncy.wait(8000);\ncy.get('.divStoreId > #txtStoreId').type('1 مخزن انتاج تام');\ncy.wait(8000);\ncy.get('#txtPatchSerial').clear();\ncy.wait(8000);\ncy.get('#txtPatchSerial').type('2');\ncy.wait(8000);\ncy.get('.divTrxNote > .form__label').click();\ncy.wait(8000);\ncy.get('#txtTrxNote').clear();\ncy.wait(8000);\ncy.get('#txtTrxNote').type('andr');\ncy.wait(8000);\ncy.get('.btnSend').click();\ncy.wait(8000);\n/* ==== End Cypress Studio ==== */",
              "err": {},
              "uuid": "d9e9ab20-98b3-4860-b932-e057adb909a9",
              "parentUUID": "029e3b5d-2167-4323-a633-c8ca95adb7ab",
              "isHook": false,
              "skipped": false
            }
          ],
          "suites": [],
          "passes": [
            "d9e9ab20-98b3-4860-b932-e057adb909a9"
          ],
          "failures": [],
          "pending": [],
          "skipped": [],
          "duration": 161423,
          "root": false,
          "rootEmpty": false,
          "_timeout": 2000
        }
      ],
      "passes": [],
      "failures": [],
      "pending": [],
      "skipped": [],
      "duration": 0,
      "root": true,
      "rootEmpty": true,
      "_timeout": 2000
    }
  ],
  "meta": {
    "mocha": {
      "version": "7.0.1"
    },
    "mochawesome": {
      "options": {
        "quiet": false,
        "reportFilename": "mochawesome",
        "saveHtml": false,
        "saveJson": true,
        "consoleReporter": "spec",
        "useInlineDiffs": false,
        "code": true
      },
      "version": "6.2.2"
    },
    "marge": {
      "options": {
        "overwrite": false,
        "html": false,
        "json": true
      },
      "version": "5.2.0"
    }
  }
}