{
  "stats": {
    "suites": 1,
    "tests": 1,
    "passes": 1,
    "pending": 0,
    "failures": 0,
    "start": "2021-08-22T10:37:50.942Z",
    "end": "2021-08-22T10:39:36.878Z",
    "duration": 105936,
    "testsRegistered": 1,
    "passPercent": 100,
    "pendingPercent": 0,
    "other": 0,
    "hasOther": false,
    "skipped": 0,
    "hasSkipped": false
  },
  "results": [
    {
      "uuid": "d37ed165-7b20-4c28-824c-6c73b19c31a8",
      "title": "",
      "fullFile": "cypress/integration/inventory/edafa3enat.spec.js",
      "file": "cypress/integration/inventory/edafa3enat.spec.js",
      "beforeHooks": [],
      "afterHooks": [],
      "tests": [],
      "suites": [
        {
          "uuid": "c1ac7dc4-41da-4364-8802-613ba9f0b951",
          "title": "inventory",
          "fullFile": "",
          "file": "",
          "beforeHooks": [],
          "afterHooks": [],
          "tests": [
            {
              "title": "inventoryinsertd",
              "fullTitle": "inventory inventoryinsertd",
              "timedOut": null,
              "duration": 103302,
              "state": "passed",
              "speed": "slow",
              "pass": true,
              "fail": false,
              "pending": false,
              "context": null,
              "code": "cy.login();\ncy.get('.side-menu > :nth-child(4) > :nth-child(1)').click();\ncy.wait(5000);\ncy.get('.active > .nav > :nth-child(21) > a').scrollIntoView();\ncy.get('.active > .nav > :nth-child(21) > a').click();\ncy.wait(7000);\ncy.wait(7000);\ncy.wait(7000);\ncy.wait(7000);\ncy.wait(7000);\ncy.wait(7000);\ncy.wait(7000);\ncy.wait(7000);\ncy.wait(7000);\ncy.wait(7000);\ncy.wait(7000);",
              "err": {},
              "uuid": "b3f07381-9895-4bc0-af19-051a4e414755",
              "parentUUID": "c1ac7dc4-41da-4364-8802-613ba9f0b951",
              "isHook": false,
              "skipped": false
            }
          ],
          "suites": [],
          "passes": [
            "b3f07381-9895-4bc0-af19-051a4e414755"
          ],
          "failures": [],
          "pending": [],
          "skipped": [],
          "duration": 103302,
          "root": false,
          "rootEmpty": false,
          "_timeout": 2000
        }
      ],
      "passes": [],
      "failures": [],
      "pending": [],
      "skipped": [],
      "duration": 0,
      "root": true,
      "rootEmpty": true,
      "_timeout": 2000
    }
  ],
  "meta": {
    "mocha": {
      "version": "7.0.1"
    },
    "mochawesome": {
      "options": {
        "quiet": false,
        "reportFilename": "mochawesome",
        "saveHtml": false,
        "saveJson": true,
        "consoleReporter": "spec",
        "useInlineDiffs": false,
        "code": true
      },
      "version": "6.2.2"
    },
    "marge": {
      "options": {
        "overwrite": false,
        "html": false,
        "json": true
      },
      "version": "5.2.0"
    }
  }
}