{
  "stats": {
    "suites": 1,
    "tests": 1,
    "passes": 0,
    "pending": 0,
    "failures": 1,
    "start": "2021-08-17T03:32:42.892Z",
    "end": "2021-08-17T03:34:25.067Z",
    "duration": 102175,
    "testsRegistered": 1,
    "passPercent": 0,
    "pendingPercent": 0,
    "other": 0,
    "hasOther": false,
    "skipped": 0,
    "hasSkipped": false
  },
  "results": [
    {
      "uuid": "bec081c2-103f-413b-8a09-4808ced45280",
      "title": "",
      "fullFile": "cypress/integration/inventory/inventoryinsert9.spec.js",
      "file": "cypress/integration/inventory/inventoryinsert9.spec.js",
      "beforeHooks": [],
      "afterHooks": [],
      "tests": [],
      "suites": [
        {
          "uuid": "39bcf500-4870-4c33-9edb-e71f18994241",
          "title": "inventory",
          "fullFile": "",
          "file": "",
          "beforeHooks": [],
          "afterHooks": [],
          "tests": [
            {
              "title": "inventoryinsertd",
              "fullTitle": "inventory inventoryinsertd",
              "timedOut": null,
              "duration": 99421,
              "state": "failed",
              "speed": null,
              "pass": false,
              "fail": true,
              "pending": false,
              "context": null,
              "code": "cy.login();\ncy.wait(8000);\n/* ==== Generated with Cypress Studio ==== */\ncy.get('.side-menu > :nth-child(4) > :nth-child(1)').click();\ncy.wait(8000);\ncy.get('.active > .nav > :nth-child(1) > a').click();\ncy.wait(8000);\ncy.get('[trxtypeid=\"22\"] > :nth-child(2) > .btn-info > .fa').click();\ncy.wait(8000);\ncy.get('.chkAllowPatchNumber > .switchery > .checktruepol').click();\ncy.wait(8000);\ncy.get('.modal-footer > .btn-info').click();\ncy.wait(8000);\ncy.get('.confirm').click();\ncy.wait(8000);\ncy.get('.side-menu > :nth-child(4) > :nth-child(1)').click();\ncy.wait(8000);\ncy.get('.active > .nav > :nth-child(15) > a').click();\ncy.wait(8000);\ncy.get('thead > tr > :nth-child(3) > .btn').click();\ncy.wait(8000);\ncy.get('#txtSupplierId').clear();\ncy.wait(8000);\ncy.get('#txtSupplierId').type('شركة يونيتد بيونات');\ncy.wait(8000);\ncy.get('.divSalesTypeName').click();\ncy.wait(8000);\ncy.get('.divStoreId > #txtStoreId').clear();\ncy.wait(8000);\ncy.get('.divStoreId > #txtStoreId').type('1 مخزن انتاج تام');\ncy.wait(8000);\ncy.get('.divSalesTypeName').click();\ncy.wait(8000);\ncy.get('#txtProductId').clear();\ncy.wait(8000);\ncy.get('#txtProductId').type('111001 premix phara ferro');\ncy.wait(8000);\ncy.get('.divSupplier').click();\ncy.wait(8000);\ncy.get('#txtTrxdate').click();\ncy.wait(8000);\ncy.get(':nth-child(3) > .active').click();\ncy.wait(8000);\ncy.get('.divSalesTypeName').click();\ncy.wait(8000);\ncy.get('.divPatchSerial > .form__label').click();\ncy.wait(8000);\ncy.get('#txtPatchSerial').clear();\ncy.get('#txtPatchSerial').type('404');\ncy.wait(8000);\ncy.get('.divSalesTypeName').click();\ncy.wait(8000);\ncy.get('#txtTrxNote').clear();\ncy.get('#txtTrxNote').type('andrew');\ncy.get('.divTrxNote').click();\ncy.wait(8000);\ncy.get('.divSalesTypeName').click();\ncy.wait(8000);\ncy.get(':nth-child(16) > .btn').click();\ncy.get('tbody > tr > :nth-child(2) > .col-md-12 > #txtItemId').clear();\ncy.get('tbody > tr > :nth-child(2) > .col-md-12 > #txtItemId').type('111001 premix phara ferro');\ncy.get('.divSupplier').click();\ncy.get('tbody > tr > :nth-child(3) > .col-md-12 > #txtUnitId').clear();\ncy.get('tbody > tr > :nth-child(3) > .col-md-12 > #txtUnitId').type('عدد');\ncy.get('.divSupplier').click();\ncy.get('tbody > tr > .tdQty > .col-md-12 > .form-control').clear();\ncy.get('tbody > tr > .tdQty > .col-md-12 > .form-control').type('300');\ncy.get('.divSupplier').click();\ncy.get('.divSupplier').click();\ncy.get('.btnSend').click();\ncy.get('.confirm').click();\n/* ==== End Cypress Studio ==== */",
              "err": {
                "message": "CypressError: Timed out retrying after 4050ms: `cy.click()` failed because this element:\n\n`<a class=\"btn btn-success btnSalesAdd\" onclick=\"InventoryWarehouse_Add()\">Add</a>`\n\nis being covered by another element:\n\n`<div style=\"bottom:0;left:0;overflow:hidden;position:absolute;right:0;top:0\">...</div>`\n\nFix this problem, or use {force: true} to disable error checking.\n\nhttps://on.cypress.io/element-cannot-be-interacted-with",
                "estack": "CypressError: Timed out retrying after 4050ms: `cy.click()` failed because this element:\n\n`<a class=\"btn btn-success btnSalesAdd\" onclick=\"InventoryWarehouse_Add()\">Add</a>`\n\nis being covered by another element:\n\n`<div style=\"bottom:0;left:0;overflow:hidden;position:absolute;right:0;top:0\">...</div>`\n\nFix this problem, or use {force: true} to disable error checking.\n\nhttps://on.cypress.io/element-cannot-be-interacted-with\n    at $Cy.ensureDescendents (http://printcheq.devartlabcrm.com/__cypress/runner/cypress_runner.js:148634:26)\n    at ensureDescendents (http://printcheq.devartlabcrm.com/__cypress/runner/cypress_runner.js:135858:8)\n    at ensureDescendentsAndScroll (http://printcheq.devartlabcrm.com/__cypress/runner/cypress_runner.js:135865:14)\n    at ensureElIsNotCovered (http://printcheq.devartlabcrm.com/__cypress/runner/cypress_runner.js:135999:5)\n    at runAllChecks (http://printcheq.devartlabcrm.com/__cypress/runner/cypress_runner.js:136186:52)\n    at retryActionability (http://printcheq.devartlabcrm.com/__cypress/runner/cypress_runner.js:136209:16)\n    at tryCatcher (http://printcheq.devartlabcrm.com/__cypress/runner/cypress_runner.js:13222:23)\n    at Function.Promise.attempt.Promise.try (http://printcheq.devartlabcrm.com/__cypress/runner/cypress_runner.js:10496:29)\n    at tryFn (http://printcheq.devartlabcrm.com/__cypress/runner/cypress_runner.js:153290:21)\n    at whenStable (http://printcheq.devartlabcrm.com/__cypress/runner/cypress_runner.js:153328:12)\n    at http://printcheq.devartlabcrm.com/__cypress/runner/cypress_runner.js:152820:16\n    at tryCatcher (http://printcheq.devartlabcrm.com/__cypress/runner/cypress_runner.js:13222:23)\n    at Promise._settlePromiseFromHandler (http://printcheq.devartlabcrm.com/__cypress/runner/cypress_runner.js:11157:31)\n    at Promise._settlePromise (http://printcheq.devartlabcrm.com/__cypress/runner/cypress_runner.js:11214:18)\n    at Promise._settlePromise0 (http://printcheq.devartlabcrm.com/__cypress/runner/cypress_runner.js:11259:10)\n    at Promise._settlePromises (http://printcheq.devartlabcrm.com/__cypress/runner/cypress_runner.js:11339:18)\nFrom Your Spec Code:\n    at Context.eval (http://printcheq.devartlabcrm.com/__cypress/tests?p=cypress\\integration\\inventory\\inventoryinsert9.spec.js:233:49)",
                "diff": null
              },
              "uuid": "e70661b2-4363-4b22-90df-d4dfd75d69c8",
              "parentUUID": "39bcf500-4870-4c33-9edb-e71f18994241",
              "isHook": false,
              "skipped": false
            }
          ],
          "suites": [],
          "passes": [],
          "failures": [
            "e70661b2-4363-4b22-90df-d4dfd75d69c8"
          ],
          "pending": [],
          "skipped": [],
          "duration": 99421,
          "root": false,
          "rootEmpty": false,
          "_timeout": 2000
        }
      ],
      "passes": [],
      "failures": [],
      "pending": [],
      "skipped": [],
      "duration": 0,
      "root": true,
      "rootEmpty": true,
      "_timeout": 2000
    }
  ],
  "meta": {
    "mocha": {
      "version": "7.0.1"
    },
    "mochawesome": {
      "options": {
        "quiet": false,
        "reportFilename": "mochawesome",
        "saveHtml": false,
        "saveJson": true,
        "consoleReporter": "spec",
        "useInlineDiffs": false,
        "code": true
      },
      "version": "6.2.2"
    },
    "marge": {
      "options": {
        "overwrite": false,
        "html": false,
        "json": true
      },
      "version": "5.2.0"
    }
  }
}