{
  "stats": {
    "suites": 1,
    "tests": 2,
    "passes": 2,
    "pending": 0,
    "failures": 0,
    "start": "2021-12-05T03:06:33.632Z",
    "end": "2021-12-05T03:07:57.698Z",
    "duration": 84066,
    "testsRegistered": 2,
    "passPercent": 100,
    "pendingPercent": 0,
    "other": 0,
    "hasOther": false,
    "skipped": 0,
    "hasSkipped": false
  },
  "results": [
    {
      "uuid": "d8d621be-bdd3-4f72-b934-8f525345440c",
      "title": "",
      "fullFile": "cypress/integration/addnewclient.spec.js",
      "file": "cypress/integration/addnewclient.spec.js",
      "beforeHooks": [],
      "afterHooks": [],
      "tests": [],
      "suites": [
        {
          "uuid": "35307632-bc50-4e34-a431-507dc11ac6af",
          "title": "add new",
          "fullFile": "",
          "file": "",
          "beforeHooks": [],
          "afterHooks": [],
          "tests": [
            {
              "title": " login",
              "fullTitle": "add new  login",
              "timedOut": null,
              "duration": 48211,
              "state": "passed",
              "speed": "slow",
              "pass": true,
              "fail": false,
              "pending": false,
              "context": null,
              "code": "cy.truflalogins();\ncy.clearCookie('authId');\ncy.wait(8000);\n/* ==== End Cypress Studio ==== */",
              "err": {},
              "uuid": "e6634e06-0446-4446-ae80-8e6fb3b283e9",
              "parentUUID": "35307632-bc50-4e34-a431-507dc11ac6af",
              "isHook": false,
              "skipped": false
            },
            {
              "title": "cancel",
              "fullTitle": "add new cancel",
              "timedOut": null,
              "duration": 31588,
              "state": "passed",
              "speed": "slow",
              "pass": true,
              "fail": false,
              "pending": false,
              "context": null,
              "code": "cy.visit(' https://bestinsurance.trumarket.dev/').then(() => {\n  // we are trying to return something\n  // from the .within callback,\n  // but it won't have any effect\n  cy.log('enter website ');\n});\ncy.wait(5000);\n/* ==== Generated with Cypress Studio ==== */\ncy.get('[href=\"/clients\"]').click();\ncy.wait(5000);\n/* ==== Generated with Cypress Studio ==== */\ncy.get(':nth-child(3) > :nth-child(1) > a > :nth-child(2)').click();\ncy.wait(5000);\ncy.get('.header-right > :nth-child(2) > .tru-button > :nth-child(1)').click();\ncy.wait(5000);\ncy.get('[href=\"/?new=client\"]').click();\ncy.wait(5000);\ncy.get('.ant-form-item-control-input-content > .default > span').click();\ncy.wait(5000);\n/* ==== End Cypress Studio ==== */",
              "err": {},
              "uuid": "aee83bd8-482b-4eee-b277-2b8e21c588bc",
              "parentUUID": "35307632-bc50-4e34-a431-507dc11ac6af",
              "isHook": false,
              "skipped": false
            }
          ],
          "suites": [],
          "passes": [
            "e6634e06-0446-4446-ae80-8e6fb3b283e9",
            "aee83bd8-482b-4eee-b277-2b8e21c588bc"
          ],
          "failures": [],
          "pending": [],
          "skipped": [],
          "duration": 79799,
          "root": false,
          "rootEmpty": false,
          "_timeout": 2000
        }
      ],
      "passes": [],
      "failures": [],
      "pending": [],
      "skipped": [],
      "duration": 0,
      "root": true,
      "rootEmpty": true,
      "_timeout": 2000
    }
  ],
  "meta": {
    "mocha": {
      "version": "7.0.1"
    },
    "mochawesome": {
      "options": {
        "quiet": false,
        "reportFilename": "mochawesome",
        "saveHtml": false,
        "saveJson": true,
        "consoleReporter": "spec",
        "useInlineDiffs": false,
        "code": true
      },
      "version": "6.2.2"
    },
    "marge": {
      "options": {
        "overwrite": false,
        "html": false,
        "json": true
      },
      "version": "5.2.0"
    }
  }
}