{
  "stats": {
    "suites": 1,
    "tests": 1,
    "passes": 0,
    "pending": 0,
    "failures": 1,
    "start": "2021-08-19T10:40:21.269Z",
    "end": "2021-08-19T10:41:12.471Z",
    "duration": 51202,
    "testsRegistered": 1,
    "passPercent": 0,
    "pendingPercent": 0,
    "other": 0,
    "hasOther": false,
    "skipped": 0,
    "hasSkipped": false
  },
  "results": [
    {
      "uuid": "f25ef9c3-26e2-46ca-845e-7b2a0a7f431f",
      "title": "",
      "fullFile": "cypress/integration/inventory/setting/setting1.spec.js",
      "file": "cypress/integration/inventory/setting/setting1.spec.js",
      "beforeHooks": [],
      "afterHooks": [],
      "tests": [],
      "suites": [
        {
          "uuid": "35066dc5-fc18-4b7b-949b-970285e68bdb",
          "title": "inventorysetting",
          "fullFile": "",
          "file": "",
          "beforeHooks": [],
          "afterHooks": [],
          "tests": [
            {
              "title": "setting1allowstore",
              "fullTitle": "inventorysetting setting1allowstore",
              "timedOut": null,
              "duration": 43486,
              "state": "failed",
              "speed": null,
              "pass": false,
              "fail": true,
              "pending": false,
              "context": null,
              "code": "cy.login();\ncy.get('.side-menu > :nth-child(4) > :nth-child(1)').click().then(() => {\n  // we are trying to return something\n  // from the .within callback,\n  // but it won't have any effect\n  cy.log('open inventory tab ');\n});\ncy.wait(8000);\ncy.get('.active > .nav > :nth-child(1) > a').click().then(() => {\n  // we are trying to return something\n  // from the .within callback,\n  // but it won't have any effect\n  cy.log('open inventory settings ');\n});\ncy.wait(8000);\ncy.get('thead > tr > :nth-child(2) > .btn').click().then(() => {\n  // we are trying to return something\n  // from the .within callback,\n  // but it won't have any effect\n  cy.log('add new setting  ');\n});\n/* ==== Generated with Cypress Studio ==== */\ncy.get('#txtDescription').clear().then(() => {\n  // we are trying to return something\n  // from the .within callback,\n  // but it won't have any effect\n  cy.get('#txtDescription').type('اذن اضافة خامات ');\n  cy.log('add description ');\n  cy.get('.modal-header').click();\n});\ncy.get('.chkAllowStoreId > .switchery').click().then(() => {\n  // we are trying to return something\n  // from the .within callback,\n  // but it won't have any effect\n  cy.log('allow store ');\n});\ncy.wait(8000);\ncy.get('.modal-header').click();\ncy.get('.modal-footer > .btn-info').click();\ncy.wait(8000);\ncy.get('.confirm').click();\ncy.wait(8000);\n/* ==== End Cypress Studio ==== */",
              "err": {
                "message": "CypressError: Timed out retrying after 4050ms: `cy.click()` failed because this element:\n\n`<a href=\"javascript:;\" class=\"btn btn-success  btnAddMarket btnAddTwo\" onclick=\"ShowInventoryType()\">Add</a>`\n\nis being covered by another element:\n\n`<div style=\"bottom:0;left:0;overflow:hidden;position:absolute;right:0;top:0\">...</div>`\n\nFix this problem, or use {force: true} to disable error checking.\n\nhttps://on.cypress.io/element-cannot-be-interacted-with",
                "estack": "CypressError: Timed out retrying after 4050ms: `cy.click()` failed because this element:\n\n`<a href=\"javascript:;\" class=\"btn btn-success  btnAddMarket btnAddTwo\" onclick=\"ShowInventoryType()\">Add</a>`\n\nis being covered by another element:\n\n`<div style=\"bottom:0;left:0;overflow:hidden;position:absolute;right:0;top:0\">...</div>`\n\nFix this problem, or use {force: true} to disable error checking.\n\nhttps://on.cypress.io/element-cannot-be-interacted-with\n    at $Cy.ensureDescendents (http://printcheq.devartlabcrm.com/__cypress/runner/cypress_runner.js:148634:26)\n    at ensureDescendents (http://printcheq.devartlabcrm.com/__cypress/runner/cypress_runner.js:135858:8)\n    at ensureDescendentsAndScroll (http://printcheq.devartlabcrm.com/__cypress/runner/cypress_runner.js:135865:14)\n    at ensureElIsNotCovered (http://printcheq.devartlabcrm.com/__cypress/runner/cypress_runner.js:135999:5)\n    at runAllChecks (http://printcheq.devartlabcrm.com/__cypress/runner/cypress_runner.js:136186:52)\n    at retryActionability (http://printcheq.devartlabcrm.com/__cypress/runner/cypress_runner.js:136209:16)\n    at tryCatcher (http://printcheq.devartlabcrm.com/__cypress/runner/cypress_runner.js:13222:23)\n    at Function.Promise.attempt.Promise.try (http://printcheq.devartlabcrm.com/__cypress/runner/cypress_runner.js:10496:29)\n    at tryFn (http://printcheq.devartlabcrm.com/__cypress/runner/cypress_runner.js:153290:21)\n    at whenStable (http://printcheq.devartlabcrm.com/__cypress/runner/cypress_runner.js:153328:12)\n    at http://printcheq.devartlabcrm.com/__cypress/runner/cypress_runner.js:152820:16\n    at tryCatcher (http://printcheq.devartlabcrm.com/__cypress/runner/cypress_runner.js:13222:23)\n    at Promise._settlePromiseFromHandler (http://printcheq.devartlabcrm.com/__cypress/runner/cypress_runner.js:11157:31)\n    at Promise._settlePromise (http://printcheq.devartlabcrm.com/__cypress/runner/cypress_runner.js:11214:18)\n    at Promise._settlePromise0 (http://printcheq.devartlabcrm.com/__cypress/runner/cypress_runner.js:11259:10)\n    at Promise._settlePromises (http://printcheq.devartlabcrm.com/__cypress/runner/cypress_runner.js:11339:18)\nFrom Your Spec Code:\n    at Context.eval (http://printcheq.devartlabcrm.com/__cypress/tests?p=cypress\\integration\\inventory\\setting\\setting1.spec.js:246:49)",
                "diff": null
              },
              "uuid": "72073591-5434-4fc5-a0e9-785357c594b0",
              "parentUUID": "35066dc5-fc18-4b7b-949b-970285e68bdb",
              "isHook": false,
              "skipped": false
            }
          ],
          "suites": [],
          "passes": [],
          "failures": [
            "72073591-5434-4fc5-a0e9-785357c594b0"
          ],
          "pending": [],
          "skipped": [],
          "duration": 43486,
          "root": false,
          "rootEmpty": false,
          "_timeout": 2000
        }
      ],
      "passes": [],
      "failures": [],
      "pending": [],
      "skipped": [],
      "duration": 0,
      "root": true,
      "rootEmpty": true,
      "_timeout": 2000
    }
  ],
  "meta": {
    "mocha": {
      "version": "7.0.1"
    },
    "mochawesome": {
      "options": {
        "quiet": false,
        "reportFilename": "mochawesome",
        "saveHtml": false,
        "saveJson": true,
        "consoleReporter": "spec",
        "useInlineDiffs": false,
        "code": true
      },
      "version": "6.2.2"
    },
    "marge": {
      "options": {
        "overwrite": false,
        "html": false,
        "json": true
      },
      "version": "5.2.0"
    }
  }
}