{
  "stats": {
    "suites": 1,
    "tests": 1,
    "passes": 1,
    "pending": 0,
    "failures": 0,
    "start": "2021-10-26T13:39:38.171Z",
    "end": "2021-10-26T13:40:30.550Z",
    "duration": 52379,
    "testsRegistered": 1,
    "passPercent": 100,
    "pendingPercent": 0,
    "other": 0,
    "hasOther": false,
    "skipped": 0,
    "hasSkipped": false
  },
  "results": [
    {
      "uuid": "445a49dc-fde2-4f23-bb36-6b9f97b34776",
      "title": "",
      "fullFile": "cypress/integration/admindashboard/dashboard/viewdash.spec.js",
      "file": "cypress/integration/admindashboard/dashboard/viewdash.spec.js",
      "beforeHooks": [],
      "afterHooks": [],
      "tests": [],
      "suites": [
        {
          "uuid": "0e2c37b2-06c3-4fd7-be50-2ad37f459890",
          "title": "dashboard",
          "fullFile": "",
          "file": "",
          "beforeHooks": [],
          "afterHooks": [],
          "tests": [
            {
              "title": "menusidebar",
              "fullTitle": "dashboard menusidebar",
              "timedOut": null,
              "duration": 50595,
              "state": "passed",
              "speed": "slow",
              "pass": true,
              "fail": false,
              "pending": false,
              "context": null,
              "code": "cy.logins();\ncy.get('#toggle_btn').click();\ncy.wait(7000);\n/* ==== Generated with Cypress Studio ==== */\n/* ==== End Cypress Studio ==== */\n/* ==== Generated with Cypress Studio ==== */\n/* ==== End Cypress Studio ==== */",
              "err": {},
              "uuid": "f339ee4b-56ed-4152-866c-db350dbd15c2",
              "parentUUID": "0e2c37b2-06c3-4fd7-be50-2ad37f459890",
              "isHook": false,
              "skipped": false
            }
          ],
          "suites": [],
          "passes": [
            "f339ee4b-56ed-4152-866c-db350dbd15c2"
          ],
          "failures": [],
          "pending": [],
          "skipped": [],
          "duration": 50595,
          "root": false,
          "rootEmpty": false,
          "_timeout": 2000
        }
      ],
      "passes": [],
      "failures": [],
      "pending": [],
      "skipped": [],
      "duration": 0,
      "root": true,
      "rootEmpty": true,
      "_timeout": 2000
    }
  ],
  "meta": {
    "mocha": {
      "version": "7.0.1"
    },
    "mochawesome": {
      "options": {
        "quiet": false,
        "reportFilename": "mochawesome",
        "saveHtml": false,
        "saveJson": true,
        "consoleReporter": "spec",
        "useInlineDiffs": false,
        "code": true
      },
      "version": "6.2.2"
    },
    "marge": {
      "options": {
        "overwrite": false,
        "html": false,
        "json": true
      },
      "version": "5.2.0"
    }
  }
}